<?xml version="1.0"?>
<!DOCTYPE coverage SYSTEM "http://cobertura.sourceforge.net/xml/coverage-04.dtd">

<coverage line-rate="0.8886986301369864" branch-rate="0.8" lines-covered="1038" lines-valid="1168" branches-covered="160" branches-valid="200" complexity="0.0" version="2.1.1" timestamp="1543121999797">
	<sources>
		<source>${src.dir}</source>
	</sources>
	<packages>
		<package name="client.maindisplay" line-rate="0.961764705882353" branch-rate="0.75" complexity="0.0">
			<classes>
				<class name="client.maindisplay.DisplayDirections" filename="client/maindisplay/DisplayDirections.java" line-rate="0.9710144927536232" branch-rate="1.0" complexity="0.0">
					<methods>
						<method name="&lt;init&gt;" signature="()V" line-rate="1.0" branch-rate="1.0" complexity="0">
							<lines>
								<line number="17" hits="126" branch="false"/>
								<line number="18" hits="126" branch="false"/>
								<line number="31" hits="126" branch="false"/>
								<line number="32" hits="126" branch="false"/>
								<line number="33" hits="126" branch="false"/>
							</lines>
						</method>
						<method name="access$000" signature="(Lclient/maindisplay/DisplayDirections;Ljava/awt/event/ActionEvent;)V" line-rate="1.0" branch-rate="1.0" complexity="0">
							<lines>
							</lines>
						</method>
						<method name="access$100" signature="(Lclient/maindisplay/DisplayDirections;Ljava/awt/event/ActionEvent;)V" line-rate="1.0" branch-rate="1.0" complexity="0">
							<lines>
								<line number="15" hits="36" branch="false"/>
							</lines>
						</method>
						<method name="cancelButtonActionPerformed" signature="(Ljava/awt/event/ActionEvent;)V" line-rate="1.0" branch-rate="1.0" complexity="0">
							<lines>
								<line number="129" hits="2" branch="false"/>
								<line number="130" hits="2" branch="false"/>
								<line number="131" hits="2" branch="false"/>
							</lines>
						</method>
						<method name="displayNext" signature="()Z" line-rate="1.0" branch-rate="1.0" complexity="0">
							<lines>
								<line number="23" hits="98" branch="true" condition-coverage="100% (2/2)">
									<conditions>
										<condition number="0" type="jump" coverage="100%"/>
									</conditions>
								</line>
								<line number="25" hits="36" branch="false"/>
								<line number="27" hits="98" branch="false"/>
							</lines>
						</method>
						<method name="finishButtonActionPerformed" signature="(Ljava/awt/event/ActionEvent;)V" line-rate="1.0" branch-rate="1.0" complexity="0">
							<lines>
								<line number="123" hits="34" branch="false"/>
								<line number="125" hits="34" branch="false"/>
							</lines>
						</method>
						<method name="initComponents" signature="()V" line-rate="1.0" branch-rate="1.0" complexity="0">
							<lines>
								<line number="44" hits="126" branch="false"/>
								<line number="45" hits="126" branch="false"/>
								<line number="46" hits="126" branch="false"/>
								<line number="47" hits="126" branch="false"/>
								<line number="48" hits="126" branch="false"/>
								<line number="50" hits="126" branch="false"/>
								<line number="52" hits="126" branch="false"/>
								<line number="53" hits="126" branch="false"/>
								<line number="54" hits="126" branch="false"/>
								<line number="60" hits="126" branch="false"/>
								<line number="61" hits="126" branch="false"/>
								<line number="62" hits="126" branch="false"/>
								<line number="68" hits="126" branch="false"/>
								<line number="69" hits="126" branch="false"/>
								<line number="70" hits="126" branch="false"/>
								<line number="72" hits="126" branch="false"/>
								<line number="73" hits="126" branch="false"/>
								<line number="75" hits="126" branch="false"/>
								<line number="76" hits="126" branch="false"/>
								<line number="77" hits="252" branch="false"/>
								<line number="78" hits="126" branch="false"/>
								<line number="79" hits="252" branch="false"/>
								<line number="80" hits="252" branch="false"/>
								<line number="81" hits="252" branch="false"/>
								<line number="82" hits="126" branch="false"/>
								<line number="83" hits="252" branch="false"/>
								<line number="84" hits="252" branch="false"/>
								<line number="85" hits="126" branch="false"/>
								<line number="86" hits="126" branch="false"/>
								<line number="87" hits="126" branch="false"/>
								<line number="88" hits="126" branch="false"/>
								<line number="89" hits="252" branch="false"/>
								<line number="90" hits="126" branch="false"/>
								<line number="91" hits="126" branch="false"/>
								<line number="92" hits="126" branch="false"/>
								<line number="94" hits="252" branch="false"/>
								<line number="95" hits="126" branch="false"/>
								<line number="96" hits="252" branch="false"/>
								<line number="97" hits="126" branch="false"/>
								<line number="98" hits="126" branch="false"/>
								<line number="99" hits="126" branch="false"/>
								<line number="100" hits="126" branch="false"/>
								<line number="101" hits="126" branch="false"/>
								<line number="102" hits="252" branch="false"/>
								<line number="103" hits="126" branch="false"/>
								<line number="104" hits="126" branch="false"/>
								<line number="105" hits="126" branch="false"/>
								<line number="108" hits="126" branch="false"/>
								<line number="109" hits="126" branch="false"/>
							</lines>
						</method>
						<method name="isCanceled" signature="()Z" line-rate="1.0" branch-rate="1.0" complexity="0">
							<lines>
								<line number="139" hits="36" branch="false"/>
							</lines>
						</method>
						<method name="main" signature="([Ljava/lang/String;)V" line-rate="0.0" branch-rate="1.0" complexity="0">
							<lines>
								<line number="145" hits="0" branch="false"/>
								<line number="151" hits="0" branch="false"/>
							</lines>
						</method>
						<method name="updateDirections" signature="(Ljava/lang/String;)V" line-rate="1.0" branch-rate="1.0" complexity="0">
							<lines>
								<line number="117" hits="36" branch="false"/>
								<line number="118" hits="36" branch="false"/>
								<line number="119" hits="36" branch="false"/>
							</lines>
						</method>
					</methods>
					<lines>
						<line number="15" hits="36" branch="false"/>
						<line number="17" hits="126" branch="false"/>
						<line number="18" hits="126" branch="false"/>
						<line number="23" hits="98" branch="true" condition-coverage="100% (2/2)">
							<conditions>
								<condition number="0" type="jump" coverage="100%"/>
							</conditions>
						</line>
						<line number="25" hits="36" branch="false"/>
						<line number="27" hits="98" branch="false"/>
						<line number="31" hits="126" branch="false"/>
						<line number="32" hits="126" branch="false"/>
						<line number="33" hits="126" branch="false"/>
						<line number="44" hits="126" branch="false"/>
						<line number="45" hits="126" branch="false"/>
						<line number="46" hits="126" branch="false"/>
						<line number="47" hits="126" branch="false"/>
						<line number="48" hits="126" branch="false"/>
						<line number="50" hits="126" branch="false"/>
						<line number="52" hits="126" branch="false"/>
						<line number="53" hits="126" branch="false"/>
						<line number="54" hits="126" branch="false"/>
						<line number="60" hits="126" branch="false"/>
						<line number="61" hits="126" branch="false"/>
						<line number="62" hits="126" branch="false"/>
						<line number="68" hits="126" branch="false"/>
						<line number="69" hits="126" branch="false"/>
						<line number="70" hits="126" branch="false"/>
						<line number="72" hits="126" branch="false"/>
						<line number="73" hits="126" branch="false"/>
						<line number="75" hits="126" branch="false"/>
						<line number="76" hits="126" branch="false"/>
						<line number="77" hits="252" branch="false"/>
						<line number="78" hits="126" branch="false"/>
						<line number="79" hits="252" branch="false"/>
						<line number="80" hits="252" branch="false"/>
						<line number="81" hits="252" branch="false"/>
						<line number="82" hits="126" branch="false"/>
						<line number="83" hits="252" branch="false"/>
						<line number="84" hits="252" branch="false"/>
						<line number="85" hits="126" branch="false"/>
						<line number="86" hits="126" branch="false"/>
						<line number="87" hits="126" branch="false"/>
						<line number="88" hits="126" branch="false"/>
						<line number="89" hits="252" branch="false"/>
						<line number="90" hits="126" branch="false"/>
						<line number="91" hits="126" branch="false"/>
						<line number="92" hits="126" branch="false"/>
						<line number="94" hits="252" branch="false"/>
						<line number="95" hits="126" branch="false"/>
						<line number="96" hits="252" branch="false"/>
						<line number="97" hits="126" branch="false"/>
						<line number="98" hits="126" branch="false"/>
						<line number="99" hits="126" branch="false"/>
						<line number="100" hits="126" branch="false"/>
						<line number="101" hits="126" branch="false"/>
						<line number="102" hits="252" branch="false"/>
						<line number="103" hits="126" branch="false"/>
						<line number="104" hits="126" branch="false"/>
						<line number="105" hits="126" branch="false"/>
						<line number="108" hits="126" branch="false"/>
						<line number="109" hits="126" branch="false"/>
						<line number="117" hits="36" branch="false"/>
						<line number="118" hits="36" branch="false"/>
						<line number="119" hits="36" branch="false"/>
						<line number="123" hits="34" branch="false"/>
						<line number="125" hits="34" branch="false"/>
						<line number="129" hits="2" branch="false"/>
						<line number="130" hits="2" branch="false"/>
						<line number="131" hits="2" branch="false"/>
						<line number="139" hits="36" branch="false"/>
						<line number="145" hits="0" branch="false"/>
						<line number="151" hits="0" branch="false"/>
					</lines>
				</class>
				<class name="client.maindisplay.DisplayDirections$1" filename="client/maindisplay/DisplayDirections.java" line-rate="1.0" branch-rate="1.0" complexity="0.0">
					<methods>
						<method name="&lt;init&gt;" signature="(Lclient/maindisplay/DisplayDirections;)V" line-rate="1.0" branch-rate="1.0" complexity="0">
							<lines>
								<line number="54" hits="126" branch="false"/>
							</lines>
						</method>
						<method name="actionPerformed" signature="(Ljava/awt/event/ActionEvent;)V" line-rate="1.0" branch-rate="1.0" complexity="0">
							<lines>
								<line number="56" hits="34" branch="false"/>
								<line number="57" hits="34" branch="false"/>
							</lines>
						</method>
					</methods>
					<lines>
						<line number="54" hits="126" branch="false"/>
						<line number="56" hits="34" branch="false"/>
						<line number="57" hits="34" branch="false"/>
					</lines>
				</class>
				<class name="client.maindisplay.DisplayDirections$2" filename="client/maindisplay/DisplayDirections.java" line-rate="1.0" branch-rate="1.0" complexity="0.0">
					<methods>
						<method name="&lt;init&gt;" signature="(Lclient/maindisplay/DisplayDirections;)V" line-rate="1.0" branch-rate="1.0" complexity="0">
							<lines>
								<line number="62" hits="126" branch="false"/>
							</lines>
						</method>
						<method name="actionPerformed" signature="(Ljava/awt/event/ActionEvent;)V" line-rate="1.0" branch-rate="1.0" complexity="0">
							<lines>
								<line number="64" hits="2" branch="false"/>
								<line number="65" hits="2" branch="false"/>
							</lines>
						</method>
					</methods>
					<lines>
						<line number="62" hits="126" branch="false"/>
						<line number="64" hits="2" branch="false"/>
						<line number="65" hits="2" branch="false"/>
					</lines>
				</class>
				<class name="client.maindisplay.ParkingNotification" filename="client/maindisplay/ParkingNotification.java" line-rate="0.9428571428571428" branch-rate="0.5" complexity="0.0">
					<methods>
						<method name="&lt;init&gt;" signature="()V" line-rate="1.0" branch-rate="1.0" complexity="0">
							<lines>
								<line number="19" hits="126" branch="false"/>
								<line number="20" hits="126" branch="false"/>
								<line number="22" hits="126" branch="false"/>
								<line number="23" hits="126" branch="false"/>
								<line number="24" hits="126" branch="false"/>
							</lines>
						</method>
						<method name="access$000" signature="(Lclient/maindisplay/ParkingNotification;Ljava/awt/event/ActionEvent;)V" line-rate="1.0" branch-rate="1.0" complexity="0">
							<lines>
							</lines>
						</method>
						<method name="access$100" signature="(Lclient/maindisplay/ParkingNotification;Ljava/awt/event/ActionEvent;)V" line-rate="1.0" branch-rate="1.0" complexity="0">
							<lines>
								<line number="17" hits="46" branch="false"/>
							</lines>
						</method>
						<method name="cancelButtonActionPerformed" signature="(Ljava/awt/event/ActionEvent;)V" line-rate="1.0" branch-rate="1.0" complexity="0">
							<lines>
								<line number="119" hits="4" branch="false"/>
								<line number="120" hits="4" branch="false"/>
								<line number="121" hits="4" branch="false"/>
							</lines>
						</method>
						<method name="displayNext" signature="()Z" line-rate="1.0" branch-rate="1.0" complexity="0">
							<lines>
								<line number="28" hits="308" branch="true" condition-coverage="100% (2/2)">
									<conditions>
										<condition number="0" type="jump" coverage="100%"/>
									</conditions>
								</line>
								<line number="30" hits="46" branch="false"/>
								<line number="32" hits="308" branch="false"/>
							</lines>
						</method>
						<method name="initComponents" signature="()V" line-rate="1.0" branch-rate="1.0" complexity="0">
							<lines>
								<line number="44" hits="126" branch="false"/>
								<line number="45" hits="126" branch="false"/>
								<line number="46" hits="126" branch="false"/>
								<line number="47" hits="126" branch="false"/>
								<line number="49" hits="126" branch="false"/>
								<line number="51" hits="126" branch="false"/>
								<line number="52" hits="126" branch="false"/>
								<line number="54" hits="126" branch="false"/>
								<line number="55" hits="126" branch="false"/>
								<line number="56" hits="126" branch="false"/>
								<line number="62" hits="126" branch="false"/>
								<line number="63" hits="126" branch="false"/>
								<line number="64" hits="126" branch="false"/>
								<line number="70" hits="126" branch="false"/>
								<line number="71" hits="126" branch="false"/>
								<line number="73" hits="126" branch="false"/>
								<line number="74" hits="126" branch="false"/>
								<line number="75" hits="252" branch="false"/>
								<line number="76" hits="126" branch="false"/>
								<line number="77" hits="252" branch="false"/>
								<line number="78" hits="126" branch="false"/>
								<line number="79" hits="126" branch="false"/>
								<line number="80" hits="126" branch="false"/>
								<line number="81" hits="252" branch="false"/>
								<line number="82" hits="126" branch="false"/>
								<line number="83" hits="126" branch="false"/>
								<line number="84" hits="126" branch="false"/>
								<line number="85" hits="126" branch="false"/>
								<line number="86" hits="126" branch="false"/>
								<line number="87" hits="252" branch="false"/>
								<line number="88" hits="126" branch="false"/>
								<line number="89" hits="126" branch="false"/>
								<line number="90" hits="126" branch="false"/>
								<line number="92" hits="252" branch="false"/>
								<line number="93" hits="126" branch="false"/>
								<line number="94" hits="252" branch="false"/>
								<line number="95" hits="126" branch="false"/>
								<line number="96" hits="126" branch="false"/>
								<line number="97" hits="126" branch="false"/>
								<line number="98" hits="126" branch="false"/>
								<line number="99" hits="126" branch="false"/>
								<line number="100" hits="252" branch="false"/>
								<line number="101" hits="126" branch="false"/>
								<line number="102" hits="126" branch="false"/>
								<line number="103" hits="126" branch="false"/>
								<line number="106" hits="126" branch="false"/>
								<line number="107" hits="126" branch="false"/>
							</lines>
						</method>
						<method name="isCanceled" signature="()Z" line-rate="1.0" branch-rate="1.0" complexity="0">
							<lines>
								<line number="129" hits="46" branch="false"/>
							</lines>
						</method>
						<method name="main" signature="([Ljava/lang/String;)V" line-rate="0.0" branch-rate="1.0" complexity="0">
							<lines>
								<line number="135" hits="0" branch="false"/>
								<line number="141" hits="0" branch="false"/>
							</lines>
						</method>
						<method name="nextButtonActionPerformed" signature="(Ljava/awt/event/ActionEvent;)V" line-rate="0.6" branch-rate="0.25" complexity="0">
							<lines>
								<line number="111" hits="42" branch="true" condition-coverage="50% (1/2)">
									<conditions>
										<condition number="0" type="jump" coverage="50%"/>
									</conditions>
								</line>
								<line number="112" hits="0" branch="true" condition-coverage="0% (0/2)">
									<conditions>
										<condition number="0" type="jump" coverage="0%"/>
									</conditions>
								</line>
								<line number="113" hits="0" branch="false"/>
								<line number="114" hits="42" branch="false"/>
								<line number="115" hits="42" branch="false"/>
							</lines>
						</method>
						<method name="updateParkingNotification" signature="(Ljava/lang/String;Ljava/lang/String;)V" line-rate="1.0" branch-rate="1.0" complexity="0">
							<lines>
								<line number="152" hits="50" branch="false"/>
								<line number="153" hits="50" branch="false"/>
								<line number="155" hits="50" branch="false"/>
							</lines>
						</method>
					</methods>
					<lines>
						<line number="17" hits="46" branch="false"/>
						<line number="19" hits="126" branch="false"/>
						<line number="20" hits="126" branch="false"/>
						<line number="22" hits="126" branch="false"/>
						<line number="23" hits="126" branch="false"/>
						<line number="24" hits="126" branch="false"/>
						<line number="28" hits="308" branch="true" condition-coverage="100% (2/2)">
							<conditions>
								<condition number="0" type="jump" coverage="100%"/>
							</conditions>
						</line>
						<line number="30" hits="46" branch="false"/>
						<line number="32" hits="308" branch="false"/>
						<line number="44" hits="126" branch="false"/>
						<line number="45" hits="126" branch="false"/>
						<line number="46" hits="126" branch="false"/>
						<line number="47" hits="126" branch="false"/>
						<line number="49" hits="126" branch="false"/>
						<line number="51" hits="126" branch="false"/>
						<line number="52" hits="126" branch="false"/>
						<line number="54" hits="126" branch="false"/>
						<line number="55" hits="126" branch="false"/>
						<line number="56" hits="126" branch="false"/>
						<line number="62" hits="126" branch="false"/>
						<line number="63" hits="126" branch="false"/>
						<line number="64" hits="126" branch="false"/>
						<line number="70" hits="126" branch="false"/>
						<line number="71" hits="126" branch="false"/>
						<line number="73" hits="126" branch="false"/>
						<line number="74" hits="126" branch="false"/>
						<line number="75" hits="252" branch="false"/>
						<line number="76" hits="126" branch="false"/>
						<line number="77" hits="252" branch="false"/>
						<line number="78" hits="126" branch="false"/>
						<line number="79" hits="126" branch="false"/>
						<line number="80" hits="126" branch="false"/>
						<line number="81" hits="252" branch="false"/>
						<line number="82" hits="126" branch="false"/>
						<line number="83" hits="126" branch="false"/>
						<line number="84" hits="126" branch="false"/>
						<line number="85" hits="126" branch="false"/>
						<line number="86" hits="126" branch="false"/>
						<line number="87" hits="252" branch="false"/>
						<line number="88" hits="126" branch="false"/>
						<line number="89" hits="126" branch="false"/>
						<line number="90" hits="126" branch="false"/>
						<line number="92" hits="252" branch="false"/>
						<line number="93" hits="126" branch="false"/>
						<line number="94" hits="252" branch="false"/>
						<line number="95" hits="126" branch="false"/>
						<line number="96" hits="126" branch="false"/>
						<line number="97" hits="126" branch="false"/>
						<line number="98" hits="126" branch="false"/>
						<line number="99" hits="126" branch="false"/>
						<line number="100" hits="252" branch="false"/>
						<line number="101" hits="126" branch="false"/>
						<line number="102" hits="126" branch="false"/>
						<line number="103" hits="126" branch="false"/>
						<line number="106" hits="126" branch="false"/>
						<line number="107" hits="126" branch="false"/>
						<line number="111" hits="42" branch="true" condition-coverage="50% (1/2)">
							<conditions>
								<condition number="0" type="jump" coverage="50%"/>
							</conditions>
						</line>
						<line number="112" hits="0" branch="true" condition-coverage="0% (0/2)">
							<conditions>
								<condition number="0" type="jump" coverage="0%"/>
							</conditions>
						</line>
						<line number="113" hits="0" branch="false"/>
						<line number="114" hits="42" branch="false"/>
						<line number="115" hits="42" branch="false"/>
						<line number="119" hits="4" branch="false"/>
						<line number="120" hits="4" branch="false"/>
						<line number="121" hits="4" branch="false"/>
						<line number="129" hits="46" branch="false"/>
						<line number="135" hits="0" branch="false"/>
						<line number="141" hits="0" branch="false"/>
						<line number="152" hits="50" branch="false"/>
						<line number="153" hits="50" branch="false"/>
						<line number="155" hits="50" branch="false"/>
					</lines>
				</class>
				<class name="client.maindisplay.ParkingNotification$1" filename="client/maindisplay/ParkingNotification.java" line-rate="1.0" branch-rate="1.0" complexity="0.0">
					<methods>
						<method name="&lt;init&gt;" signature="(Lclient/maindisplay/ParkingNotification;)V" line-rate="1.0" branch-rate="1.0" complexity="0">
							<lines>
								<line number="56" hits="126" branch="false"/>
							</lines>
						</method>
						<method name="actionPerformed" signature="(Ljava/awt/event/ActionEvent;)V" line-rate="1.0" branch-rate="1.0" complexity="0">
							<lines>
								<line number="58" hits="42" branch="false"/>
								<line number="59" hits="42" branch="false"/>
							</lines>
						</method>
					</methods>
					<lines>
						<line number="56" hits="126" branch="false"/>
						<line number="58" hits="42" branch="false"/>
						<line number="59" hits="42" branch="false"/>
					</lines>
				</class>
				<class name="client.maindisplay.ParkingNotification$2" filename="client/maindisplay/ParkingNotification.java" line-rate="1.0" branch-rate="1.0" complexity="0.0">
					<methods>
						<method name="&lt;init&gt;" signature="(Lclient/maindisplay/ParkingNotification;)V" line-rate="1.0" branch-rate="1.0" complexity="0">
							<lines>
								<line number="64" hits="126" branch="false"/>
							</lines>
						</method>
						<method name="actionPerformed" signature="(Ljava/awt/event/ActionEvent;)V" line-rate="1.0" branch-rate="1.0" complexity="0">
							<lines>
								<line number="66" hits="4" branch="false"/>
								<line number="67" hits="4" branch="false"/>
							</lines>
						</method>
					</methods>
					<lines>
						<line number="64" hits="126" branch="false"/>
						<line number="66" hits="4" branch="false"/>
						<line number="67" hits="4" branch="false"/>
					</lines>
				</class>
				<class name="client.maindisplay.SpotNumberDisplay" filename="client/maindisplay/SpotNumberDisplay.java" line-rate="0.9705882352941176" branch-rate="1.0" complexity="0.0">
					<methods>
						<method name="&lt;init&gt;" signature="()V" line-rate="1.0" branch-rate="1.0" complexity="0">
							<lines>
								<line number="19" hits="126" branch="false"/>
								<line number="20" hits="126" branch="false"/>
								<line number="23" hits="126" branch="false"/>
								<line number="24" hits="126" branch="false"/>
								<line number="25" hits="126" branch="false"/>
							</lines>
						</method>
						<method name="access$000" signature="(Lclient/maindisplay/SpotNumberDisplay;Ljava/awt/event/ActionEvent;)V" line-rate="1.0" branch-rate="1.0" complexity="0">
							<lines>
							</lines>
						</method>
						<method name="access$100" signature="(Lclient/maindisplay/SpotNumberDisplay;Ljava/awt/event/ActionEvent;)V" line-rate="1.0" branch-rate="1.0" complexity="0">
							<lines>
								<line number="17" hits="38" branch="false"/>
							</lines>
						</method>
						<method name="cancelButtonActionPerformed" signature="(Ljava/awt/event/ActionEvent;)V" line-rate="1.0" branch-rate="1.0" complexity="0">
							<lines>
								<line number="119" hits="2" branch="false"/>
								<line number="120" hits="2" branch="false"/>
								<line number="121" hits="2" branch="false"/>
							</lines>
						</method>
						<method name="displayNext" signature="()Z" line-rate="1.0" branch-rate="1.0" complexity="0">
							<lines>
								<line number="29" hits="126" branch="true" condition-coverage="100% (2/2)">
									<conditions>
										<condition number="0" type="jump" coverage="100%"/>
									</conditions>
								</line>
								<line number="31" hits="38" branch="false"/>
								<line number="33" hits="126" branch="false"/>
							</lines>
						</method>
						<method name="initComponents" signature="()V" line-rate="1.0" branch-rate="1.0" complexity="0">
							<lines>
								<line number="45" hits="126" branch="false"/>
								<line number="46" hits="126" branch="false"/>
								<line number="47" hits="126" branch="false"/>
								<line number="48" hits="126" branch="false"/>
								<line number="50" hits="126" branch="false"/>
								<line number="52" hits="126" branch="false"/>
								<line number="53" hits="126" branch="false"/>
								<line number="54" hits="126" branch="false"/>
								<line number="55" hits="126" branch="false"/>
								<line number="56" hits="126" branch="false"/>
								<line number="57" hits="126" branch="false"/>
								<line number="63" hits="126" branch="false"/>
								<line number="64" hits="126" branch="false"/>
								<line number="65" hits="126" branch="false"/>
								<line number="71" hits="126" branch="false"/>
								<line number="72" hits="126" branch="false"/>
								<line number="74" hits="126" branch="false"/>
								<line number="75" hits="126" branch="false"/>
								<line number="77" hits="126" branch="false"/>
								<line number="78" hits="126" branch="false"/>
								<line number="79" hits="252" branch="false"/>
								<line number="80" hits="126" branch="false"/>
								<line number="81" hits="252" branch="false"/>
								<line number="82" hits="126" branch="false"/>
								<line number="83" hits="126" branch="false"/>
								<line number="84" hits="126" branch="false"/>
								<line number="85" hits="252" branch="false"/>
								<line number="86" hits="126" branch="false"/>
								<line number="87" hits="252" branch="false"/>
								<line number="88" hits="126" branch="false"/>
								<line number="89" hits="252" branch="false"/>
								<line number="90" hits="126" branch="false"/>
								<line number="91" hits="126" branch="false"/>
								<line number="92" hits="126" branch="false"/>
								<line number="93" hits="126" branch="false"/>
								<line number="95" hits="252" branch="false"/>
								<line number="96" hits="126" branch="false"/>
								<line number="97" hits="252" branch="false"/>
								<line number="98" hits="126" branch="false"/>
								<line number="99" hits="126" branch="false"/>
								<line number="100" hits="126" branch="false"/>
								<line number="101" hits="126" branch="false"/>
								<line number="102" hits="126" branch="false"/>
								<line number="103" hits="252" branch="false"/>
								<line number="104" hits="126" branch="false"/>
								<line number="105" hits="126" branch="false"/>
								<line number="106" hits="126" branch="false"/>
								<line number="109" hits="126" branch="false"/>
								<line number="110" hits="126" branch="false"/>
							</lines>
						</method>
						<method name="isCanceled" signature="()Z" line-rate="1.0" branch-rate="1.0" complexity="0">
							<lines>
								<line number="129" hits="38" branch="false"/>
							</lines>
						</method>
						<method name="main" signature="([Ljava/lang/String;)V" line-rate="0.0" branch-rate="1.0" complexity="0">
							<lines>
								<line number="144" hits="0" branch="false"/>
								<line number="150" hits="0" branch="false"/>
							</lines>
						</method>
						<method name="nextButtonActionPerformed" signature="(Ljava/awt/event/ActionEvent;)V" line-rate="1.0" branch-rate="1.0" complexity="0">
							<lines>
								<line number="114" hits="36" branch="false"/>
								<line number="115" hits="36" branch="false"/>
							</lines>
						</method>
						<method name="updateParkingSpotNumberLabel" signature="(Ljava/lang/String;)V" line-rate="1.0" branch-rate="1.0" complexity="0">
							<lines>
								<line number="138" hits="38" branch="false"/>
								<line number="139" hits="38" branch="false"/>
							</lines>
						</method>
					</methods>
					<lines>
						<line number="17" hits="38" branch="false"/>
						<line number="19" hits="126" branch="false"/>
						<line number="20" hits="126" branch="false"/>
						<line number="23" hits="126" branch="false"/>
						<line number="24" hits="126" branch="false"/>
						<line number="25" hits="126" branch="false"/>
						<line number="29" hits="126" branch="true" condition-coverage="100% (2/2)">
							<conditions>
								<condition number="0" type="jump" coverage="100%"/>
							</conditions>
						</line>
						<line number="31" hits="38" branch="false"/>
						<line number="33" hits="126" branch="false"/>
						<line number="45" hits="126" branch="false"/>
						<line number="46" hits="126" branch="false"/>
						<line number="47" hits="126" branch="false"/>
						<line number="48" hits="126" branch="false"/>
						<line number="50" hits="126" branch="false"/>
						<line number="52" hits="126" branch="false"/>
						<line number="53" hits="126" branch="false"/>
						<line number="54" hits="126" branch="false"/>
						<line number="55" hits="126" branch="false"/>
						<line number="56" hits="126" branch="false"/>
						<line number="57" hits="126" branch="false"/>
						<line number="63" hits="126" branch="false"/>
						<line number="64" hits="126" branch="false"/>
						<line number="65" hits="126" branch="false"/>
						<line number="71" hits="126" branch="false"/>
						<line number="72" hits="126" branch="false"/>
						<line number="74" hits="126" branch="false"/>
						<line number="75" hits="126" branch="false"/>
						<line number="77" hits="126" branch="false"/>
						<line number="78" hits="126" branch="false"/>
						<line number="79" hits="252" branch="false"/>
						<line number="80" hits="126" branch="false"/>
						<line number="81" hits="252" branch="false"/>
						<line number="82" hits="126" branch="false"/>
						<line number="83" hits="126" branch="false"/>
						<line number="84" hits="126" branch="false"/>
						<line number="85" hits="252" branch="false"/>
						<line number="86" hits="126" branch="false"/>
						<line number="87" hits="252" branch="false"/>
						<line number="88" hits="126" branch="false"/>
						<line number="89" hits="252" branch="false"/>
						<line number="90" hits="126" branch="false"/>
						<line number="91" hits="126" branch="false"/>
						<line number="92" hits="126" branch="false"/>
						<line number="93" hits="126" branch="false"/>
						<line number="95" hits="252" branch="false"/>
						<line number="96" hits="126" branch="false"/>
						<line number="97" hits="252" branch="false"/>
						<line number="98" hits="126" branch="false"/>
						<line number="99" hits="126" branch="false"/>
						<line number="100" hits="126" branch="false"/>
						<line number="101" hits="126" branch="false"/>
						<line number="102" hits="126" branch="false"/>
						<line number="103" hits="252" branch="false"/>
						<line number="104" hits="126" branch="false"/>
						<line number="105" hits="126" branch="false"/>
						<line number="106" hits="126" branch="false"/>
						<line number="109" hits="126" branch="false"/>
						<line number="110" hits="126" branch="false"/>
						<line number="114" hits="36" branch="false"/>
						<line number="115" hits="36" branch="false"/>
						<line number="119" hits="2" branch="false"/>
						<line number="120" hits="2" branch="false"/>
						<line number="121" hits="2" branch="false"/>
						<line number="129" hits="38" branch="false"/>
						<line number="138" hits="38" branch="false"/>
						<line number="139" hits="38" branch="false"/>
						<line number="144" hits="0" branch="false"/>
						<line number="150" hits="0" branch="false"/>
					</lines>
				</class>
				<class name="client.maindisplay.SpotNumberDisplay$1" filename="client/maindisplay/SpotNumberDisplay.java" line-rate="1.0" branch-rate="1.0" complexity="0.0">
					<methods>
						<method name="&lt;init&gt;" signature="(Lclient/maindisplay/SpotNumberDisplay;)V" line-rate="1.0" branch-rate="1.0" complexity="0">
							<lines>
								<line number="57" hits="126" branch="false"/>
							</lines>
						</method>
						<method name="actionPerformed" signature="(Ljava/awt/event/ActionEvent;)V" line-rate="1.0" branch-rate="1.0" complexity="0">
							<lines>
								<line number="59" hits="36" branch="false"/>
								<line number="60" hits="36" branch="false"/>
							</lines>
						</method>
					</methods>
					<lines>
						<line number="57" hits="126" branch="false"/>
						<line number="59" hits="36" branch="false"/>
						<line number="60" hits="36" branch="false"/>
					</lines>
				</class>
				<class name="client.maindisplay.SpotNumberDisplay$2" filename="client/maindisplay/SpotNumberDisplay.java" line-rate="1.0" branch-rate="1.0" complexity="0.0">
					<methods>
						<method name="&lt;init&gt;" signature="(Lclient/maindisplay/SpotNumberDisplay;)V" line-rate="1.0" branch-rate="1.0" complexity="0">
							<lines>
								<line number="65" hits="126" branch="false"/>
							</lines>
						</method>
						<method name="actionPerformed" signature="(Ljava/awt/event/ActionEvent;)V" line-rate="1.0" branch-rate="1.0" complexity="0">
							<lines>
								<line number="67" hits="2" branch="false"/>
								<line number="68" hits="2" branch="false"/>
							</lines>
						</method>
					</methods>
					<lines>
						<line number="65" hits="126" branch="false"/>
						<line number="67" hits="2" branch="false"/>
						<line number="68" hits="2" branch="false"/>
					</lines>
				</class>
				<class name="client.maindisplay.WelcomeDisplay" filename="client/maindisplay/WelcomeDisplay.java" line-rate="0.970873786407767" branch-rate="1.0" complexity="0.0">
					<methods>
						<method name="&lt;init&gt;" signature="()V" line-rate="1.0" branch-rate="1.0" complexity="0">
							<lines>
								<line number="24" hits="126" branch="false"/>
								<line number="25" hits="126" branch="false"/>
								<line number="26" hits="126" branch="false"/>
								<line number="29" hits="126" branch="false"/>
								<line number="30" hits="126" branch="false"/>
								<line number="31" hits="126" branch="false"/>
							</lines>
						</method>
						<method name="access$000" signature="(Lclient/maindisplay/WelcomeDisplay;Ljava/awt/event/ActionEvent;)V" line-rate="1.0" branch-rate="1.0" complexity="0">
							<lines>
							</lines>
						</method>
						<method name="access$100" signature="(Lclient/maindisplay/WelcomeDisplay;Ljava/awt/event/ActionEvent;)V" line-rate="1.0" branch-rate="1.0" complexity="0">
							<lines>
							</lines>
						</method>
						<method name="access$200" signature="(Lclient/maindisplay/WelcomeDisplay;Ljava/awt/event/ActionEvent;)V" line-rate="1.0" branch-rate="1.0" complexity="0">
							<lines>
							</lines>
						</method>
						<method name="access$300" signature="(Lclient/maindisplay/WelcomeDisplay;Ljava/awt/event/ActionEvent;)V" line-rate="1.0" branch-rate="1.0" complexity="0">
							<lines>
								<line number="19" hits="48" branch="false"/>
							</lines>
						</method>
						<method name="displayNext" signature="()Z" line-rate="1.0" branch-rate="1.0" complexity="0">
							<lines>
								<line number="191" hits="3906" branch="true" condition-coverage="100% (2/2)">
									<conditions>
										<condition number="0" type="jump" coverage="100%"/>
									</conditions>
								</line>
								<line number="192" hits="48" branch="false"/>
								<line number="194" hits="3906" branch="false"/>
							</lines>
						</method>
						<method name="getID" signature="()Ljava/lang/String;" line-rate="1.0" branch-rate="1.0" complexity="0">
							<lines>
								<line number="186" hits="48" branch="false"/>
							</lines>
						</method>
						<method name="getUserType" signature="()Ljava/lang/String;" line-rate="1.0" branch-rate="1.0" complexity="0">
							<lines>
								<line number="176" hits="48" branch="false"/>
								<line number="177" hits="48" branch="false"/>
							</lines>
						</method>
						<method name="guestButtonActionPerformed" signature="(Ljava/awt/event/ActionEvent;)V" line-rate="1.0" branch-rate="1.0" complexity="0">
							<lines>
								<line number="160" hits="18" branch="false"/>
								<line number="161" hits="18" branch="false"/>
								<line number="162" hits="18" branch="false"/>
							</lines>
						</method>
						<method name="handicapButtonActionPerformed" signature="(Ljava/awt/event/ActionEvent;)V" line-rate="1.0" branch-rate="1.0" complexity="0">
							<lines>
								<line number="166" hits="12" branch="false"/>
								<line number="167" hits="12" branch="false"/>
								<line number="168" hits="12" branch="false"/>
							</lines>
						</method>
						<method name="initComponents" signature="()V" line-rate="1.0" branch-rate="1.0" complexity="0">
							<lines>
								<line number="44" hits="126" branch="false"/>
								<line number="45" hits="126" branch="false"/>
								<line number="46" hits="126" branch="false"/>
								<line number="47" hits="126" branch="false"/>
								<line number="48" hits="126" branch="false"/>
								<line number="49" hits="126" branch="false"/>
								<line number="51" hits="126" branch="false"/>
								<line number="52" hits="126" branch="false"/>
								<line number="54" hits="126" branch="false"/>
								<line number="55" hits="126" branch="false"/>
								<line number="56" hits="126" branch="false"/>
								<line number="61" hits="126" branch="false"/>
								<line number="62" hits="126" branch="false"/>
								<line number="63" hits="126" branch="false"/>
								<line number="64" hits="126" branch="false"/>
								<line number="65" hits="126" branch="false"/>
								<line number="66" hits="126" branch="false"/>
								<line number="67" hits="126" branch="false"/>
								<line number="68" hits="126" branch="false"/>
								<line number="70" hits="126" branch="false"/>
								<line number="71" hits="126" branch="false"/>
								<line number="72" hits="126" branch="false"/>
								<line number="73" hits="126" branch="false"/>
								<line number="74" hits="126" branch="false"/>
								<line number="75" hits="126" branch="false"/>
								<line number="76" hits="126" branch="false"/>
								<line number="77" hits="126" branch="false"/>
								<line number="78" hits="126" branch="false"/>
								<line number="79" hits="126" branch="false"/>
								<line number="81" hits="126" branch="false"/>
								<line number="82" hits="126" branch="false"/>
								<line number="83" hits="126" branch="false"/>
								<line number="84" hits="126" branch="false"/>
								<line number="85" hits="126" branch="false"/>
								<line number="90" hits="126" branch="false"/>
								<line number="91" hits="126" branch="false"/>
								<line number="92" hits="126" branch="false"/>
								<line number="93" hits="126" branch="false"/>
								<line number="94" hits="126" branch="false"/>
								<line number="95" hits="126" branch="false"/>
								<line number="96" hits="126" branch="false"/>
								<line number="97" hits="126" branch="false"/>
								<line number="98" hits="126" branch="false"/>
								<line number="100" hits="126" branch="false"/>
								<line number="101" hits="126" branch="false"/>
								<line number="102" hits="126" branch="false"/>
								<line number="107" hits="126" branch="false"/>
								<line number="108" hits="126" branch="false"/>
								<line number="109" hits="126" branch="false"/>
								<line number="110" hits="126" branch="false"/>
								<line number="111" hits="126" branch="false"/>
								<line number="112" hits="126" branch="false"/>
								<line number="113" hits="126" branch="false"/>
								<line number="114" hits="126" branch="false"/>
								<line number="115" hits="126" branch="false"/>
								<line number="117" hits="126" branch="false"/>
								<line number="118" hits="126" branch="false"/>
								<line number="123" hits="126" branch="false"/>
								<line number="124" hits="126" branch="false"/>
								<line number="125" hits="126" branch="false"/>
								<line number="126" hits="126" branch="false"/>
								<line number="127" hits="126" branch="false"/>
								<line number="128" hits="126" branch="false"/>
								<line number="129" hits="126" branch="false"/>
								<line number="130" hits="126" branch="false"/>
								<line number="131" hits="126" branch="false"/>
								<line number="133" hits="126" branch="false"/>
								<line number="134" hits="126" branch="false"/>
								<line number="135" hits="126" branch="false"/>
								<line number="136" hits="126" branch="false"/>
								<line number="137" hits="126" branch="false"/>
								<line number="138" hits="126" branch="false"/>
								<line number="139" hits="126" branch="false"/>
								<line number="140" hits="126" branch="false"/>
								<line number="141" hits="126" branch="false"/>
								<line number="143" hits="126" branch="false"/>
								<line number="144" hits="126" branch="false"/>
							</lines>
						</method>
						<method name="main" signature="([Ljava/lang/String;)V" line-rate="0.0" branch-rate="1.0" complexity="0">
							<lines>
								<line number="201" hits="0" branch="false"/>
								<line number="207" hits="0" branch="false"/>
							</lines>
						</method>
						<method name="scanIDButtonActionPerformed" signature="(Ljava/awt/event/ActionEvent;)V" line-rate="1.0" branch-rate="1.0" complexity="0">
							<lines>
								<line number="153" hits="18" branch="false"/>
								<line number="154" hits="18" branch="false"/>
								<line number="155" hits="18" branch="false"/>
								<line number="156" hits="18" branch="false"/>
							</lines>
						</method>
						<method name="textFieldIDActionPerformed" signature="(Ljava/awt/event/ActionEvent;)V" line-rate="0.0" branch-rate="1.0" complexity="0">
							<lines>
								<line number="149" hits="0" branch="false"/>
							</lines>
						</method>
					</methods>
					<lines>
						<line number="19" hits="48" branch="false"/>
						<line number="24" hits="126" branch="false"/>
						<line number="25" hits="126" branch="false"/>
						<line number="26" hits="126" branch="false"/>
						<line number="29" hits="126" branch="false"/>
						<line number="30" hits="126" branch="false"/>
						<line number="31" hits="126" branch="false"/>
						<line number="44" hits="126" branch="false"/>
						<line number="45" hits="126" branch="false"/>
						<line number="46" hits="126" branch="false"/>
						<line number="47" hits="126" branch="false"/>
						<line number="48" hits="126" branch="false"/>
						<line number="49" hits="126" branch="false"/>
						<line number="51" hits="126" branch="false"/>
						<line number="52" hits="126" branch="false"/>
						<line number="54" hits="126" branch="false"/>
						<line number="55" hits="126" branch="false"/>
						<line number="56" hits="126" branch="false"/>
						<line number="61" hits="126" branch="false"/>
						<line number="62" hits="126" branch="false"/>
						<line number="63" hits="126" branch="false"/>
						<line number="64" hits="126" branch="false"/>
						<line number="65" hits="126" branch="false"/>
						<line number="66" hits="126" branch="false"/>
						<line number="67" hits="126" branch="false"/>
						<line number="68" hits="126" branch="false"/>
						<line number="70" hits="126" branch="false"/>
						<line number="71" hits="126" branch="false"/>
						<line number="72" hits="126" branch="false"/>
						<line number="73" hits="126" branch="false"/>
						<line number="74" hits="126" branch="false"/>
						<line number="75" hits="126" branch="false"/>
						<line number="76" hits="126" branch="false"/>
						<line number="77" hits="126" branch="false"/>
						<line number="78" hits="126" branch="false"/>
						<line number="79" hits="126" branch="false"/>
						<line number="81" hits="126" branch="false"/>
						<line number="82" hits="126" branch="false"/>
						<line number="83" hits="126" branch="false"/>
						<line number="84" hits="126" branch="false"/>
						<line number="85" hits="126" branch="false"/>
						<line number="90" hits="126" branch="false"/>
						<line number="91" hits="126" branch="false"/>
						<line number="92" hits="126" branch="false"/>
						<line number="93" hits="126" branch="false"/>
						<line number="94" hits="126" branch="false"/>
						<line number="95" hits="126" branch="false"/>
						<line number="96" hits="126" branch="false"/>
						<line number="97" hits="126" branch="false"/>
						<line number="98" hits="126" branch="false"/>
						<line number="100" hits="126" branch="false"/>
						<line number="101" hits="126" branch="false"/>
						<line number="102" hits="126" branch="false"/>
						<line number="107" hits="126" branch="false"/>
						<line number="108" hits="126" branch="false"/>
						<line number="109" hits="126" branch="false"/>
						<line number="110" hits="126" branch="false"/>
						<line number="111" hits="126" branch="false"/>
						<line number="112" hits="126" branch="false"/>
						<line number="113" hits="126" branch="false"/>
						<line number="114" hits="126" branch="false"/>
						<line number="115" hits="126" branch="false"/>
						<line number="117" hits="126" branch="false"/>
						<line number="118" hits="126" branch="false"/>
						<line number="123" hits="126" branch="false"/>
						<line number="124" hits="126" branch="false"/>
						<line number="125" hits="126" branch="false"/>
						<line number="126" hits="126" branch="false"/>
						<line number="127" hits="126" branch="false"/>
						<line number="128" hits="126" branch="false"/>
						<line number="129" hits="126" branch="false"/>
						<line number="130" hits="126" branch="false"/>
						<line number="131" hits="126" branch="false"/>
						<line number="133" hits="126" branch="false"/>
						<line number="134" hits="126" branch="false"/>
						<line number="135" hits="126" branch="false"/>
						<line number="136" hits="126" branch="false"/>
						<line number="137" hits="126" branch="false"/>
						<line number="138" hits="126" branch="false"/>
						<line number="139" hits="126" branch="false"/>
						<line number="140" hits="126" branch="false"/>
						<line number="141" hits="126" branch="false"/>
						<line number="143" hits="126" branch="false"/>
						<line number="144" hits="126" branch="false"/>
						<line number="149" hits="0" branch="false"/>
						<line number="153" hits="18" branch="false"/>
						<line number="154" hits="18" branch="false"/>
						<line number="155" hits="18" branch="false"/>
						<line number="156" hits="18" branch="false"/>
						<line number="160" hits="18" branch="false"/>
						<line number="161" hits="18" branch="false"/>
						<line number="162" hits="18" branch="false"/>
						<line number="166" hits="12" branch="false"/>
						<line number="167" hits="12" branch="false"/>
						<line number="168" hits="12" branch="false"/>
						<line number="176" hits="48" branch="false"/>
						<line number="177" hits="48" branch="false"/>
						<line number="186" hits="48" branch="false"/>
						<line number="191" hits="3906" branch="true" condition-coverage="100% (2/2)">
							<conditions>
								<condition number="0" type="jump" coverage="100%"/>
							</conditions>
						</line>
						<line number="192" hits="48" branch="false"/>
						<line number="194" hits="3906" branch="false"/>
						<line number="201" hits="0" branch="false"/>
						<line number="207" hits="0" branch="false"/>
					</lines>
				</class>
				<class name="client.maindisplay.WelcomeDisplay$1" filename="client/maindisplay/WelcomeDisplay.java" line-rate="1.0" branch-rate="1.0" complexity="0.0">
					<methods>
						<method name="&lt;init&gt;" signature="(Lclient/maindisplay/WelcomeDisplay;)V" line-rate="1.0" branch-rate="1.0" complexity="0">
							<lines>
								<line number="56" hits="126" branch="false"/>
							</lines>
						</method>
						<method name="actionPerformed" signature="(Ljava/awt/event/ActionEvent;)V" line-rate="1.0" branch-rate="1.0" complexity="0">
							<lines>
								<line number="58" hits="18" branch="false"/>
								<line number="59" hits="18" branch="false"/>
							</lines>
						</method>
					</methods>
					<lines>
						<line number="56" hits="126" branch="false"/>
						<line number="58" hits="18" branch="false"/>
						<line number="59" hits="18" branch="false"/>
					</lines>
				</class>
				<class name="client.maindisplay.WelcomeDisplay$2" filename="client/maindisplay/WelcomeDisplay.java" line-rate="1.0" branch-rate="1.0" complexity="0.0">
					<methods>
						<method name="&lt;init&gt;" signature="(Lclient/maindisplay/WelcomeDisplay;)V" line-rate="1.0" branch-rate="1.0" complexity="0">
							<lines>
								<line number="85" hits="126" branch="false"/>
							</lines>
						</method>
						<method name="actionPerformed" signature="(Ljava/awt/event/ActionEvent;)V" line-rate="1.0" branch-rate="1.0" complexity="0">
							<lines>
								<line number="87" hits="12" branch="false"/>
								<line number="88" hits="12" branch="false"/>
							</lines>
						</method>
					</methods>
					<lines>
						<line number="85" hits="126" branch="false"/>
						<line number="87" hits="12" branch="false"/>
						<line number="88" hits="12" branch="false"/>
					</lines>
				</class>
				<class name="client.maindisplay.WelcomeDisplay$3" filename="client/maindisplay/WelcomeDisplay.java" line-rate="1.0" branch-rate="1.0" complexity="0.0">
					<methods>
						<method name="&lt;init&gt;" signature="(Lclient/maindisplay/WelcomeDisplay;)V" line-rate="1.0" branch-rate="1.0" complexity="0">
							<lines>
								<line number="102" hits="126" branch="false"/>
							</lines>
						</method>
						<method name="actionPerformed" signature="(Ljava/awt/event/ActionEvent;)V" line-rate="1.0" branch-rate="1.0" complexity="0">
							<lines>
								<line number="104" hits="18" branch="false"/>
								<line number="105" hits="18" branch="false"/>
							</lines>
						</method>
					</methods>
					<lines>
						<line number="102" hits="126" branch="false"/>
						<line number="104" hits="18" branch="false"/>
						<line number="105" hits="18" branch="false"/>
					</lines>
				</class>
				<class name="client.maindisplay.WelcomeDisplay$4" filename="client/maindisplay/WelcomeDisplay.java" line-rate="0.3333333333333333" branch-rate="1.0" complexity="0.0">
					<methods>
						<method name="&lt;init&gt;" signature="(Lclient/maindisplay/WelcomeDisplay;)V" line-rate="1.0" branch-rate="1.0" complexity="0">
							<lines>
								<line number="118" hits="126" branch="false"/>
							</lines>
						</method>
						<method name="actionPerformed" signature="(Ljava/awt/event/ActionEvent;)V" line-rate="0.0" branch-rate="1.0" complexity="0">
							<lines>
								<line number="120" hits="0" branch="false"/>
								<line number="121" hits="0" branch="false"/>
							</lines>
						</method>
					</methods>
					<lines>
						<line number="118" hits="126" branch="false"/>
						<line number="120" hits="0" branch="false"/>
						<line number="121" hits="0" branch="false"/>
					</lines>
				</class>
			</classes>
		</package>
		<package name="client.parkingdisplay" line-rate="0.91015625" branch-rate="0.78125" complexity="0.0">
			<classes>
				<class name="client.parkingdisplay.PantherLotSpot" filename="client/parkingdisplay/PantherLotSpot.java" line-rate="0.75" branch-rate="1.0" complexity="0.0">
					<methods>
						<method name="&lt;init&gt;" signature="()V" line-rate="0.0" branch-rate="1.0" complexity="0">
							<lines>
								<line number="12" hits="0" branch="false"/>
							</lines>
						</method>
						<method name="main" signature="([Ljava/lang/String;)V" line-rate="0.8" branch-rate="1.0" complexity="0">
							<lines>
								<line number="19" hits="27" branch="false"/>
								<line number="21" hits="27" branch="true" condition-coverage="100% (2/2)">
									<conditions>
										<condition number="0" type="jump" coverage="100%"/>
									</conditions>
								</line>
								<line number="26" hits="2" branch="false"/>
								<line number="27" hits="1" branch="false"/>
								<line number="28" hits="6" branch="true" condition-coverage="100% (2/2)">
									<conditions>
										<condition number="0" type="jump" coverage="100%"/>
									</conditions>
								</line>
								<line number="30" hits="4" branch="false"/>
								<line number="31" hits="4" branch="false"/>
								<line number="33" hits="1" branch="false"/>
								<line number="34" hits="1" branch="false"/>
								<line number="37" hits="0" branch="false"/>
								<line number="39" hits="0" branch="false"/>
								<line number="41" hits="0" branch="false"/>
								<line number="44" hits="26" branch="false"/>
								<line number="45" hits="26" branch="false"/>
								<line number="49" hits="27" branch="false"/>
							</lines>
						</method>
					</methods>
					<lines>
						<line number="12" hits="0" branch="false"/>
						<line number="19" hits="27" branch="false"/>
						<line number="21" hits="27" branch="true" condition-coverage="100% (2/2)">
							<conditions>
								<condition number="0" type="jump" coverage="100%"/>
							</conditions>
						</line>
						<line number="26" hits="2" branch="false"/>
						<line number="27" hits="1" branch="false"/>
						<line number="28" hits="6" branch="true" condition-coverage="100% (2/2)">
							<conditions>
								<condition number="0" type="jump" coverage="100%"/>
							</conditions>
						</line>
						<line number="30" hits="4" branch="false"/>
						<line number="31" hits="4" branch="false"/>
						<line number="33" hits="1" branch="false"/>
						<line number="34" hits="1" branch="false"/>
						<line number="37" hits="0" branch="false"/>
						<line number="39" hits="0" branch="false"/>
						<line number="41" hits="0" branch="false"/>
						<line number="44" hits="26" branch="false"/>
						<line number="45" hits="26" branch="false"/>
						<line number="49" hits="27" branch="false"/>
					</lines>
				</class>
				<class name="client.parkingdisplay.SpotDisplay" filename="client/parkingdisplay/SpotDisplay.java" line-rate="0.9137931034482759" branch-rate="0.75" complexity="0.0">
					<methods>
						<method name="&lt;init&gt;" signature="(Ljava/lang/String;ILjava/lang/String;)V" line-rate="1.0" branch-rate="1.0" complexity="0">
							<lines>
								<line number="49" hits="30" branch="false"/>
								<line number="51" hits="30" branch="false"/>
								<line number="52" hits="30" branch="false"/>
								<line number="53" hits="30" branch="false"/>
								<line number="54" hits="30" branch="false"/>
								<line number="55" hits="30" branch="false"/>
							</lines>
						</method>
						<method name="access$0" signature="(Lclient/parkingdisplay/SpotDisplay;Lclient/parkingdisplay/SpotDisplayFrame;)V" line-rate="1.0" branch-rate="1.0" complexity="0">
							<lines>
							</lines>
						</method>
						<method name="access$1" signature="(Lclient/parkingdisplay/SpotDisplay;Lclient/parkingdisplay/SpotTakenFrame;)V" line-rate="1.0" branch-rate="1.0" complexity="0">
							<lines>
							</lines>
						</method>
						<method name="access$10" signature="(Lclient/parkingdisplay/SpotDisplay;)Ljava/io/PrintWriter;" line-rate="1.0" branch-rate="1.0" complexity="0">
							<lines>
								<line number="36" hits="7" branch="false"/>
							</lines>
						</method>
						<method name="access$2" signature="(Lclient/parkingdisplay/SpotDisplay;)Lclient/parkingdisplay/SpotDisplayFrame;" line-rate="1.0" branch-rate="1.0" complexity="0">
							<lines>
								<line number="37" hits="1471" branch="false"/>
							</lines>
						</method>
						<method name="access$3" signature="(Lclient/parkingdisplay/SpotDisplay;)Ljava/lang/String;" line-rate="1.0" branch-rate="1.0" complexity="0">
							<lines>
							</lines>
						</method>
						<method name="access$4" signature="(Lclient/parkingdisplay/SpotDisplay;)Z" line-rate="1.0" branch-rate="1.0" complexity="0">
							<lines>
							</lines>
						</method>
						<method name="access$5" signature="(Lclient/parkingdisplay/SpotDisplay;)Ljava/lang/String;" line-rate="1.0" branch-rate="1.0" complexity="0">
							<lines>
								<line number="31" hits="183" branch="false"/>
							</lines>
						</method>
						<method name="access$6" signature="(Lclient/parkingdisplay/SpotDisplay;)Lclient/parkingdisplay/SpotTakenFrame;" line-rate="1.0" branch-rate="1.0" complexity="0">
							<lines>
								<line number="38" hits="551" branch="false"/>
							</lines>
						</method>
						<method name="access$7" signature="(Lclient/parkingdisplay/SpotDisplay;)Ljava/net/Socket;" line-rate="1.0" branch-rate="1.0" complexity="0">
							<lines>
								<line number="30" hits="381" branch="false"/>
							</lines>
						</method>
						<method name="access$8" signature="(Lclient/parkingdisplay/SpotDisplay;)Ljava/lang/String;" line-rate="1.0" branch-rate="1.0" complexity="0">
							<lines>
								<line number="26" hits="13" branch="false"/>
							</lines>
						</method>
						<method name="access$9" signature="(Lclient/parkingdisplay/SpotDisplay;Z)V" line-rate="1.0" branch-rate="1.0" complexity="0">
							<lines>
								<line number="27" hits="64" branch="false"/>
							</lines>
						</method>
						<method name="anotherDisplay" signature="()V" line-rate="1.0" branch-rate="1.0" complexity="0">
							<lines>
								<line number="139" hits="2" branch="false"/>
								<line number="140" hits="1" branch="false"/>
								<line number="141" hits="1" branch="false"/>
								<line number="142" hits="1" branch="false"/>
							</lines>
						</method>
						<method name="reserveSpot" signature="(Ljava/lang/String;)V" line-rate="1.0" branch-rate="1.0" complexity="0">
							<lines>
								<line number="128" hits="20" branch="false"/>
								<line number="130" hits="20" branch="false"/>
							</lines>
						</method>
						<method name="run" signature="()V" line-rate="0.8611111111111112" branch-rate="0.75" complexity="0">
							<lines>
								<line number="60" hits="29" branch="false"/>
								<line number="63" hits="29" branch="false"/>
								<line number="65" hits="29" branch="false"/>
								<line number="66" hits="26" branch="false"/>
								<line number="68" hits="29" branch="false"/>
								<line number="69" hits="27" branch="false"/>
								<line number="72" hits="28" branch="false"/>
								<line number="73" hits="29" branch="false"/>
								<line number="75" hits="29" branch="false"/>
								<line number="76" hits="29" branch="true" condition-coverage="100% (2/2)">
									<conditions>
										<condition number="0" type="jump" coverage="100%"/>
									</conditions>
								</line>
								<line number="78" hits="1" branch="false"/>
								<line number="79" hits="1" branch="false"/>
								<line number="82" hits="28" branch="false"/>
								<line number="83" hits="28" branch="false"/>
								<line number="85" hits="28" branch="false"/>
								<line number="87" hits="76" branch="true" condition-coverage="50% (1/2)">
									<conditions>
										<condition number="0" type="jump" coverage="50%"/>
									</conditions>
								</line>
								<line number="89" hits="20" branch="false"/>
								<line number="90" hits="20" branch="true" condition-coverage="50% (1/2)">
									<conditions>
										<condition number="0" type="jump" coverage="50%"/>
									</conditions>
								</line>
								<line number="92" hits="20" branch="false"/>
								<line number="93" hits="20" branch="false"/>
								<line number="94" hits="20" branch="false"/>
								<line number="95" hits="20" branch="false"/>
								<line number="99" hits="0" branch="false"/>
								<line number="100" hits="1" branch="false"/>
								<line number="102" hits="2" branch="false"/>
								<line number="103" hits="1" branch="false"/>
								<line number="104" hits="1" branch="false"/>
								<line number="107" hits="0" branch="false"/>
								<line number="108" hits="2" branch="false"/>
								<line number="112" hits="2" branch="true" condition-coverage="100% (2/2)">
									<conditions>
										<condition number="0" type="jump" coverage="100%"/>
									</conditions>
								</line>
								<line number="113" hits="1" branch="false"/>
								<line number="114" hits="1" branch="false"/>
								<line number="115" hits="0" branch="false"/>
								<line number="117" hits="0" branch="false"/>
								<line number="119" hits="0" branch="false"/>
								<line number="120" hits="1" branch="false"/>
							</lines>
						</method>
						<method name="runDisplays" signature="()V" line-rate="1.0" branch-rate="1.0" complexity="0">
							<lines>
								<line number="150" hits="28" branch="false"/>
								<line number="151" hits="28" branch="false"/>
								<line number="152" hits="28" branch="false"/>
							</lines>
						</method>
					</methods>
					<lines>
						<line number="26" hits="13" branch="false"/>
						<line number="27" hits="64" branch="false"/>
						<line number="30" hits="381" branch="false"/>
						<line number="31" hits="183" branch="false"/>
						<line number="36" hits="7" branch="false"/>
						<line number="37" hits="1471" branch="false"/>
						<line number="38" hits="551" branch="false"/>
						<line number="49" hits="30" branch="false"/>
						<line number="51" hits="30" branch="false"/>
						<line number="52" hits="30" branch="false"/>
						<line number="53" hits="30" branch="false"/>
						<line number="54" hits="30" branch="false"/>
						<line number="55" hits="30" branch="false"/>
						<line number="60" hits="29" branch="false"/>
						<line number="63" hits="29" branch="false"/>
						<line number="65" hits="29" branch="false"/>
						<line number="66" hits="26" branch="false"/>
						<line number="68" hits="29" branch="false"/>
						<line number="69" hits="27" branch="false"/>
						<line number="72" hits="28" branch="false"/>
						<line number="73" hits="29" branch="false"/>
						<line number="75" hits="29" branch="false"/>
						<line number="76" hits="29" branch="true" condition-coverage="100% (2/2)">
							<conditions>
								<condition number="0" type="jump" coverage="100%"/>
							</conditions>
						</line>
						<line number="78" hits="1" branch="false"/>
						<line number="79" hits="1" branch="false"/>
						<line number="82" hits="28" branch="false"/>
						<line number="83" hits="28" branch="false"/>
						<line number="85" hits="28" branch="false"/>
						<line number="87" hits="76" branch="true" condition-coverage="50% (1/2)">
							<conditions>
								<condition number="0" type="jump" coverage="50%"/>
							</conditions>
						</line>
						<line number="89" hits="20" branch="false"/>
						<line number="90" hits="20" branch="true" condition-coverage="50% (1/2)">
							<conditions>
								<condition number="0" type="jump" coverage="50%"/>
							</conditions>
						</line>
						<line number="92" hits="20" branch="false"/>
						<line number="93" hits="20" branch="false"/>
						<line number="94" hits="20" branch="false"/>
						<line number="95" hits="20" branch="false"/>
						<line number="99" hits="0" branch="false"/>
						<line number="100" hits="1" branch="false"/>
						<line number="102" hits="2" branch="false"/>
						<line number="103" hits="1" branch="false"/>
						<line number="104" hits="1" branch="false"/>
						<line number="107" hits="0" branch="false"/>
						<line number="108" hits="2" branch="false"/>
						<line number="112" hits="2" branch="true" condition-coverage="100% (2/2)">
							<conditions>
								<condition number="0" type="jump" coverage="100%"/>
							</conditions>
						</line>
						<line number="113" hits="1" branch="false"/>
						<line number="114" hits="1" branch="false"/>
						<line number="115" hits="0" branch="false"/>
						<line number="117" hits="0" branch="false"/>
						<line number="119" hits="0" branch="false"/>
						<line number="120" hits="1" branch="false"/>
						<line number="128" hits="20" branch="false"/>
						<line number="130" hits="20" branch="false"/>
						<line number="139" hits="2" branch="false"/>
						<line number="140" hits="1" branch="false"/>
						<line number="141" hits="1" branch="false"/>
						<line number="142" hits="1" branch="false"/>
						<line number="150" hits="28" branch="false"/>
						<line number="151" hits="28" branch="false"/>
						<line number="152" hits="28" branch="false"/>
					</lines>
				</class>
				<class name="client.parkingdisplay.SpotDisplay$DisplayHandler" filename="client/parkingdisplay/SpotDisplay.java" line-rate="0.803921568627451" branch-rate="0.6875" complexity="0.0">
					<methods>
						<method name="&lt;init&gt;" signature="(Lclient/parkingdisplay/SpotDisplay;)V" line-rate="1.0" branch-rate="1.0" complexity="0">
							<lines>
							</lines>
						</method>
						<method name="&lt;init&gt;" signature="(Lclient/parkingdisplay/SpotDisplay;Lclient/parkingdisplay/SpotDisplay$DisplayHandler;)V" line-rate="1.0" branch-rate="1.0" complexity="0">
							<lines>
								<line number="156" hits="56" branch="false"/>
							</lines>
						</method>
						<method name="resetDisplays" signature="()V" line-rate="0.9166666666666666" branch-rate="0.5" complexity="0">
							<lines>
								<line number="161" hits="61" branch="false"/>
								<line number="162" hits="61" branch="false"/>
								<line number="163" hits="61" branch="false"/>
								<line number="164" hits="61" branch="false"/>
								<line number="165" hits="61" branch="false"/>
								<line number="166" hits="61" branch="true" condition-coverage="50% (1/2)">
									<conditions>
										<condition number="0" type="jump" coverage="50%"/>
									</conditions>
								</line>
								<line number="167" hits="61" branch="false"/>
								<line number="169" hits="0" branch="false"/>
								<line number="170" hits="61" branch="false"/>
								<line number="171" hits="122" branch="false"/>
								<line number="172" hits="61" branch="false"/>
								<line number="173" hits="61" branch="false"/>
							</lines>
						</method>
						<method name="run" signature="()V" line-rate="0.7631578947368421" branch-rate="0.7142857142857143" complexity="0">
							<lines>
								<line number="178" hits="28" branch="false"/>
								<line number="179" hits="28" branch="false"/>
								<line number="181" hits="28" branch="false"/>
								<line number="182" hits="28" branch="false"/>
								<line number="183" hits="28" branch="false"/>
								<line number="184" hits="61" branch="true" condition-coverage="50% (1/2)">
									<conditions>
										<condition number="0" type="jump" coverage="50%"/>
									</conditions>
								</line>
								<line number="186" hits="33" branch="false"/>
								<line number="187" hits="33" branch="false"/>
								<line number="188" hits="33" branch="false"/>
								<line number="189" hits="1066" branch="true" condition-coverage="100% (2/2)">
									<conditions>
										<condition number="0" type="jump" coverage="100%"/>
									</conditions>
								</line>
								<line number="193" hits="1028" branch="false"/>
								<line number="194" hits="1000" branch="false"/>
								<line number="195" hits="0" branch="false"/>
								<line number="197" hits="0" branch="false"/>
								<line number="201" hits="5" branch="true" condition-coverage="50% (1/2)">
									<conditions>
										<condition number="0" type="jump" coverage="50%"/>
									</conditions>
								</line>
								<line number="203" hits="0" branch="false"/>
								<line number="204" hits="0" branch="false"/>
								<line number="205" hits="0" branch="false"/>
								<line number="206" hits="0" branch="false"/>
								<line number="207" hits="5" branch="true" condition-coverage="100% (2/2)">
									<conditions>
										<condition number="0" type="jump" coverage="100%"/>
									</conditions>
								</line>
								<line number="208" hits="3" branch="true" condition-coverage="50% (1/2)">
									<conditions>
										<condition number="0" type="jump" coverage="50%"/>
									</conditions>
								</line>
								<line number="210" hits="3" branch="false"/>
								<line number="211" hits="3" branch="false"/>
								<line number="212" hits="3" branch="false"/>
								<line number="213" hits="3" branch="false"/>
								<line number="216" hits="2" branch="false"/>
								<line number="217" hits="2" branch="false"/>
								<line number="218" hits="2" branch="false"/>
								<line number="221" hits="5" branch="false"/>
								<line number="222" hits="5" branch="false"/>
								<line number="223" hits="5" branch="false"/>
								<line number="224" hits="358" branch="true" condition-coverage="75% (3/4)">
									<conditions>
										<condition number="0" type="jump" coverage="100%"/>
										<condition number="1" type="jump" coverage="50%"/>
									</conditions>
								</line>
								<line number="228" hits="348" branch="false"/>
								<line number="229" hits="348" branch="false"/>
								<line number="230" hits="0" branch="false"/>
								<line number="232" hits="0" branch="false"/>
								<line number="236" hits="5" branch="false"/>
								<line number="239" hits="0" branch="false"/>
							</lines>
						</method>
					</methods>
					<lines>
						<line number="156" hits="56" branch="false"/>
						<line number="161" hits="61" branch="false"/>
						<line number="162" hits="61" branch="false"/>
						<line number="163" hits="61" branch="false"/>
						<line number="164" hits="61" branch="false"/>
						<line number="165" hits="61" branch="false"/>
						<line number="166" hits="61" branch="true" condition-coverage="50% (1/2)">
							<conditions>
								<condition number="0" type="jump" coverage="50%"/>
							</conditions>
						</line>
						<line number="167" hits="61" branch="false"/>
						<line number="169" hits="0" branch="false"/>
						<line number="170" hits="61" branch="false"/>
						<line number="171" hits="122" branch="false"/>
						<line number="172" hits="61" branch="false"/>
						<line number="173" hits="61" branch="false"/>
						<line number="178" hits="28" branch="false"/>
						<line number="179" hits="28" branch="false"/>
						<line number="181" hits="28" branch="false"/>
						<line number="182" hits="28" branch="false"/>
						<line number="183" hits="28" branch="false"/>
						<line number="184" hits="61" branch="true" condition-coverage="50% (1/2)">
							<conditions>
								<condition number="0" type="jump" coverage="50%"/>
							</conditions>
						</line>
						<line number="186" hits="33" branch="false"/>
						<line number="187" hits="33" branch="false"/>
						<line number="188" hits="33" branch="false"/>
						<line number="189" hits="1066" branch="true" condition-coverage="100% (2/2)">
							<conditions>
								<condition number="0" type="jump" coverage="100%"/>
							</conditions>
						</line>
						<line number="193" hits="1028" branch="false"/>
						<line number="194" hits="1000" branch="false"/>
						<line number="195" hits="0" branch="false"/>
						<line number="197" hits="0" branch="false"/>
						<line number="201" hits="5" branch="true" condition-coverage="50% (1/2)">
							<conditions>
								<condition number="0" type="jump" coverage="50%"/>
							</conditions>
						</line>
						<line number="203" hits="0" branch="false"/>
						<line number="204" hits="0" branch="false"/>
						<line number="205" hits="0" branch="false"/>
						<line number="206" hits="0" branch="false"/>
						<line number="207" hits="5" branch="true" condition-coverage="100% (2/2)">
							<conditions>
								<condition number="0" type="jump" coverage="100%"/>
							</conditions>
						</line>
						<line number="208" hits="3" branch="true" condition-coverage="50% (1/2)">
							<conditions>
								<condition number="0" type="jump" coverage="50%"/>
							</conditions>
						</line>
						<line number="210" hits="3" branch="false"/>
						<line number="211" hits="3" branch="false"/>
						<line number="212" hits="3" branch="false"/>
						<line number="213" hits="3" branch="false"/>
						<line number="216" hits="2" branch="false"/>
						<line number="217" hits="2" branch="false"/>
						<line number="218" hits="2" branch="false"/>
						<line number="221" hits="5" branch="false"/>
						<line number="222" hits="5" branch="false"/>
						<line number="223" hits="5" branch="false"/>
						<line number="224" hits="358" branch="true" condition-coverage="75% (3/4)">
							<conditions>
								<condition number="0" type="jump" coverage="100%"/>
								<condition number="1" type="jump" coverage="50%"/>
							</conditions>
						</line>
						<line number="228" hits="348" branch="false"/>
						<line number="229" hits="348" branch="false"/>
						<line number="230" hits="0" branch="false"/>
						<line number="232" hits="0" branch="false"/>
						<line number="236" hits="5" branch="false"/>
						<line number="239" hits="0" branch="false"/>
					</lines>
				</class>
				<class name="client.parkingdisplay.SpotDisplayFrame" filename="client/parkingdisplay/SpotDisplayFrame.java" line-rate="0.9714285714285714" branch-rate="1.0" complexity="0.0">
					<methods>
						<method name="&lt;init&gt;" signature="()V" line-rate="1.0" branch-rate="1.0" complexity="0">
							<lines>
								<line number="19" hits="61" branch="false"/>
								<line number="20" hits="61" branch="false"/>
								<line number="22" hits="61" branch="false"/>
								<line number="23" hits="61" branch="false"/>
								<line number="24" hits="61" branch="false"/>
							</lines>
						</method>
						<method name="access$0" signature="(Lclient/parkingdisplay/SpotDisplayFrame;Ljava/awt/event/ActionEvent;)V" line-rate="1.0" branch-rate="1.0" complexity="0">
							<lines>
								<line number="119" hits="5" branch="false"/>
							</lines>
						</method>
						<method name="displayNext" signature="()Z" line-rate="1.0" branch-rate="1.0" complexity="0">
							<lines>
								<line number="40" hits="1033" branch="true" condition-coverage="100% (2/2)">
									<conditions>
										<condition number="0" type="jump" coverage="100%"/>
									</conditions>
								</line>
								<line number="42" hits="5" branch="false"/>
								<line number="44" hits="1033" branch="false"/>
							</lines>
						</method>
						<method name="getID" signature="()Ljava/lang/String;" line-rate="1.0" branch-rate="1.0" complexity="0">
							<lines>
								<line number="31" hits="5" branch="false"/>
							</lines>
						</method>
						<method name="initComponents" signature="()V" line-rate="1.0" branch-rate="1.0" complexity="0">
							<lines>
								<line number="56" hits="61" branch="false"/>
								<line number="57" hits="60" branch="false"/>
								<line number="58" hits="60" branch="false"/>
								<line number="59" hits="60" branch="false"/>
								<line number="60" hits="61" branch="false"/>
								<line number="62" hits="61" branch="false"/>
								<line number="64" hits="61" branch="false"/>
								<line number="65" hits="61" branch="false"/>
								<line number="67" hits="61" branch="false"/>
								<line number="68" hits="61" branch="false"/>
								<line number="70" hits="61" branch="false"/>
								<line number="71" hits="61" branch="false"/>
								<line number="77" hits="61" branch="false"/>
								<line number="78" hits="61" branch="false"/>
								<line number="80" hits="61" branch="false"/>
								<line number="81" hits="61" branch="false"/>
								<line number="82" hits="122" branch="false"/>
								<line number="83" hits="61" branch="false"/>
								<line number="84" hits="122" branch="false"/>
								<line number="85" hits="122" branch="false"/>
								<line number="86" hits="122" branch="false"/>
								<line number="87" hits="61" branch="false"/>
								<line number="88" hits="61" branch="false"/>
								<line number="89" hits="122" branch="false"/>
								<line number="90" hits="61" branch="false"/>
								<line number="91" hits="122" branch="false"/>
								<line number="92" hits="61" branch="false"/>
								<line number="93" hits="122" branch="false"/>
								<line number="94" hits="61" branch="false"/>
								<line number="95" hits="61" branch="false"/>
								<line number="96" hits="61" branch="false"/>
								<line number="97" hits="61" branch="false"/>
								<line number="98" hits="61" branch="false"/>
								<line number="100" hits="121" branch="false"/>
								<line number="101" hits="61" branch="false"/>
								<line number="102" hits="121" branch="false"/>
								<line number="103" hits="61" branch="false"/>
								<line number="104" hits="61" branch="false"/>
								<line number="105" hits="61" branch="false"/>
								<line number="106" hits="61" branch="false"/>
								<line number="107" hits="61" branch="false"/>
								<line number="108" hits="61" branch="false"/>
								<line number="109" hits="61" branch="false"/>
								<line number="110" hits="120" branch="false"/>
								<line number="111" hits="60" branch="false"/>
								<line number="112" hits="60" branch="false"/>
								<line number="113" hits="60" branch="false"/>
								<line number="116" hits="61" branch="false"/>
								<line number="117" hits="61" branch="false"/>
							</lines>
						</method>
						<method name="main" signature="([Ljava/lang/String;)V" line-rate="0.0" branch-rate="1.0" complexity="0">
							<lines>
								<line number="129" hits="0" branch="false"/>
								<line number="135" hits="0" branch="false"/>
							</lines>
						</method>
						<method name="scanIDActionPerformed" signature="(Ljava/awt/event/ActionEvent;)V" line-rate="1.0" branch-rate="1.0" complexity="0">
							<lines>
								<line number="121" hits="5" branch="false"/>
								<line number="122" hits="5" branch="false"/>
								<line number="123" hits="5" branch="false"/>
							</lines>
						</method>
						<method name="updateNumber" signature="(Ljava/lang/String;)V" line-rate="1.0" branch-rate="1.0" complexity="0">
							<lines>
[...]
						<method name="mapGarage" signature="(Ljava/lang/String;)V" line-rate="0.8" branch-rate="1.0" complexity="0">
							<lines>
								<line number="71" hits="40" branch="false"/>
								<line number="75" hits="40" branch="false"/>
								<line number="76" hits="480" branch="true" condition-coverage="100% (2/2)">
									<conditions>
										<condition number="0" type="jump" coverage="100%"/>
									</conditions>
								</line>
								<line number="77" hits="440" branch="false"/>
								<line number="78" hits="40" branch="false"/>
								<line number="82" hits="0" branch="false"/>
								<line number="84" hits="0" branch="false"/>
								<line number="85" hits="40" branch="false"/>
								<line number="86" hits="40" branch="false"/>
								<line number="88" hits="40" branch="false"/>
							</lines>
						</method>
						<method name="processFile" signature="(Ljava/util/ArrayList;)V" line-rate="1.0" branch-rate="1.0" complexity="0">
							<lines>
								<line number="95" hits="40" branch="true" condition-coverage="100% (2/2)">
									<conditions>
										<condition number="0" type="jump" coverage="100%"/>
									</conditions>
								</line>
								<line number="97" hits="440" branch="false"/>
								<line number="98" hits="440" branch="false"/>
								<line number="99" hits="440" branch="false"/>
								<line number="100" hits="440" branch="false"/>
								<line number="101" hits="440" branch="false"/>
								<line number="102" hits="440" branch="false"/>
								<line number="103" hits="440" branch="false"/>
								<line number="106" hits="440" branch="true" condition-coverage="100% (2/2)">
									<conditions>
										<condition number="0" type="jump" coverage="100%"/>
									</conditions>
								</line>
								<line number="107" hits="280" branch="false"/>
								<line number="111" hits="160" branch="false"/>
								<line number="112" hits="160" branch="false"/>
								<line number="113" hits="160" branch="false"/>
								<line number="115" hits="440" branch="false"/>
								<line number="117" hits="40" branch="false"/>
							</lines>
						</method>
						<method name="removeParkedUser" signature="(Lserver/storage/ParkingSpot;)V" line-rate="1.0" branch-rate="1.0" complexity="0">
							<lines>
								<line number="155" hits="4" branch="false"/>
								<line number="156" hits="4" branch="false"/>
							</lines>
						</method>
						<method name="searchBySpotNumber" signature="(Ljava/lang/String;)Lserver/storage/ParkingSpot;" line-rate="1.0" branch-rate="1.0" complexity="0">
							<lines>
								<line number="165" hits="58" branch="false"/>
								<line number="166" hits="58" branch="true" condition-coverage="100% (2/2)">
									<conditions>
										<condition number="0" type="jump" coverage="100%"/>
									</conditions>
								</line>
								<line number="167" hits="464" branch="true" condition-coverage="100% (2/2)">
									<conditions>
										<condition number="0" type="jump" coverage="100%"/>
									</conditions>
								</line>
								<line number="168" hits="1276" branch="true" condition-coverage="100% (2/2)">
									<conditions>
										<condition number="0" type="jump" coverage="100%"/>
									</conditions>
								</line>
								<line number="169" hits="58" branch="false"/>
								<line number="170" hits="58" branch="false"/>
							</lines>
						</method>
						<method name="searchParkingSpot" signature="(Lserver/controller/ParkingUser;)Lserver/storage/ParkingSpot;" line-rate="1.0" branch-rate="1.0" complexity="0">
							<lines>
								<line number="126" hits="48" branch="false"/>
								<line number="127" hits="48" branch="false"/>
								<line number="128" hits="48" branch="true" condition-coverage="100% (2/2)">
									<conditions>
										<condition number="0" type="jump" coverage="100%"/>
									</conditions>
								</line>
								<line number="129" hits="116" branch="true" condition-coverage="100% (4/4)">
									<conditions>
										<condition number="0" type="jump" coverage="100%"/>
										<condition number="1" type="jump" coverage="100%"/>
									</conditions>
								</line>
								<line number="131" hits="40" branch="false"/>
								<line number="132" hits="40" branch="false"/>
								<line number="135" hits="48" branch="false"/>
							</lines>
						</method>
						<method name="toString" signature="()Ljava/lang/String;" line-rate="1.0" branch-rate="1.0" complexity="0">
							<lines>
								<line number="176" hits="232" branch="false"/>
								<line number="177" hits="232" branch="false"/>
								<line number="178" hits="232" branch="true" condition-coverage="100% (2/2)">
									<conditions>
										<condition number="0" type="jump" coverage="100%"/>
									</conditions>
								</line>
								<line number="179" hits="1856" branch="true" condition-coverage="100% (2/2)">
									<conditions>
										<condition number="0" type="jump" coverage="100%"/>
									</conditions>
								</line>
								<line number="181" hits="2552" branch="false"/>
								<line number="182" hits="2552" branch="false"/>
								<line number="183" hits="2552" branch="false"/>
								<line number="185" hits="232" branch="false"/>
							</lines>
						</method>
						<method name="values" signature="()Ljava/lang/Iterable;" line-rate="1.0" branch-rate="1.0" complexity="0">
							<lines>
								<line number="193" hits="40" branch="false"/>
							</lines>
						</method>
					</methods>
					<lines>
						<line number="17" hits="40" branch="false"/>
						<line number="18" hits="40" branch="false"/>
						<line number="20" hits="40" branch="false"/>
						<line number="27" hits="40" branch="false"/>
						<line number="28" hits="40" branch="false"/>
						<line number="29" hits="40" branch="false"/>
						<line number="31" hits="40" branch="false"/>
						<line number="41" hits="80" branch="true" condition-coverage="100% (2/2)">
							<conditions>
								<condition number="0" type="jump" coverage="100%"/>
							</conditions>
						</line>
						<line number="42" hits="40" branch="false"/>
						<line number="43" hits="80" branch="false"/>
						<line number="52" hits="192" branch="false"/>
						<line number="53" hits="192" branch="false"/>
						<line number="61" hits="40" branch="false"/>
						<line number="71" hits="40" branch="false"/>
						<line number="75" hits="40" branch="false"/>
						<line number="76" hits="480" branch="true" condition-coverage="100% (2/2)">
							<conditions>
								<condition number="0" type="jump" coverage="100%"/>
							</conditions>
						</line>
						<line number="77" hits="440" branch="false"/>
						<line number="78" hits="40" branch="false"/>
						<line number="82" hits="0" branch="false"/>
						<line number="84" hits="0" branch="false"/>
						<line number="85" hits="40" branch="false"/>
						<line number="86" hits="40" branch="false"/>
						<line number="88" hits="40" branch="false"/>
						<line number="95" hits="40" branch="true" condition-coverage="100% (2/2)">
							<conditions>
								<condition number="0" type="jump" coverage="100%"/>
							</conditions>
						</line>
						<line number="97" hits="440" branch="false"/>
						<line number="98" hits="440" branch="false"/>
						<line number="99" hits="440" branch="false"/>
						<line number="100" hits="440" branch="false"/>
						<line number="101" hits="440" branch="false"/>
						<line number="102" hits="440" branch="false"/>
						<line number="103" hits="440" branch="false"/>
						<line number="106" hits="440" branch="true" condition-coverage="100% (2/2)">
							<conditions>
								<condition number="0" type="jump" coverage="100%"/>
							</conditions>
						</line>
						<line number="107" hits="280" branch="false"/>
						<line number="111" hits="160" branch="false"/>
						<line number="112" hits="160" branch="false"/>
						<line number="113" hits="160" branch="false"/>
						<line number="115" hits="440" branch="false"/>
						<line number="117" hits="40" branch="false"/>
						<line number="126" hits="48" branch="false"/>
						<line number="127" hits="48" branch="false"/>
						<line number="128" hits="48" branch="true" condition-coverage="100% (2/2)">
							<conditions>
								<condition number="0" type="jump" coverage="100%"/>
							</conditions>
						</line>
						<line number="129" hits="116" branch="true" condition-coverage="100% (4/4)">
							<conditions>
								<condition number="0" type="jump" coverage="100%"/>
								<condition number="1" type="jump" coverage="100%"/>
							</conditions>
						</line>
						<line number="131" hits="40" branch="false"/>
						<line number="132" hits="40" branch="false"/>
						<line number="135" hits="48" branch="false"/>
						<line number="145" hits="38" branch="false"/>
						<line number="146" hits="38" branch="false"/>
						<line number="155" hits="4" branch="false"/>
						<line number="156" hits="4" branch="false"/>
						<line number="165" hits="58" branch="false"/>
						<line number="166" hits="58" branch="true" condition-coverage="100% (2/2)">
							<conditions>
								<condition number="0" type="jump" coverage="100%"/>
							</conditions>
						</line>
						<line number="167" hits="464" branch="true" condition-coverage="100% (2/2)">
							<conditions>
								<condition number="0" type="jump" coverage="100%"/>
							</conditions>
						</line>
						<line number="168" hits="1276" branch="true" condition-coverage="100% (2/2)">
							<conditions>
								<condition number="0" type="jump" coverage="100%"/>
							</conditions>
						</line>
						<line number="169" hits="58" branch="false"/>
						<line number="170" hits="58" branch="false"/>
						<line number="176" hits="232" branch="false"/>
						<line number="177" hits="232" branch="false"/>
						<line number="178" hits="232" branch="true" condition-coverage="100% (2/2)">
							<conditions>
								<condition number="0" type="jump" coverage="100%"/>
							</conditions>
						</line>
						<line number="179" hits="1856" branch="true" condition-coverage="100% (2/2)">
							<conditions>
								<condition number="0" type="jump" coverage="100%"/>
							</conditions>
						</line>
						<line number="181" hits="2552" branch="false"/>
						<line number="182" hits="2552" branch="false"/>
						<line number="183" hits="2552" branch="false"/>
						<line number="185" hits="232" branch="false"/>
						<line number="193" hits="40" branch="false"/>
					</lines>
				</class>
				<class name="server.storage.ParkingSpot" filename="server/storage/ParkingSpot.java" line-rate="1.0" branch-rate="1.0" complexity="0.0">
					<methods>
						<method name="&lt;init&gt;" signature="(ILjava/lang/String;ILjava/lang/String;Ljava/lang/String;)V" line-rate="1.0" branch-rate="1.0" complexity="0">
							<lines>
								<line number="49" hits="440" branch="false"/>
								<line number="50" hits="440" branch="false"/>
								<line number="51" hits="440" branch="false"/>
								<line number="52" hits="440" branch="false"/>
								<line number="54" hits="440" branch="false"/>
								<line number="55" hits="440" branch="false"/>
								<line number="57" hits="440" branch="false"/>
								<line number="58" hits="440" branch="false"/>
								<line number="60" hits="440" branch="false"/>
							</lines>
						</method>
						<method name="assignParkingSpot" signature="(Lserver/controller/ParkingUser;)V" line-rate="1.0" branch-rate="1.0" complexity="0">
							<lines>
								<line number="69" hits="42" branch="false"/>
								<line number="70" hits="42" branch="false"/>
							</lines>
						</method>
						<method name="compareTo" signature="(Ljava/lang/Object;)I" line-rate="1.0" branch-rate="1.0" complexity="0">
							<lines>
								<line number="169" hits="560" branch="false"/>
							</lines>
						</method>
						<method name="format" signature="(Ljava/lang/String;I)Ljava/lang/String;" line-rate="1.0" branch-rate="1.0" complexity="0">
							<lines>
								<line number="205" hits="25520" branch="false"/>
								<line number="206" hits="25520" branch="false"/>
								<line number="207" hits="66352" branch="true" condition-coverage="100% (2/2)">
									<conditions>
										<condition number="0" type="jump" coverage="100%"/>
									</conditions>
								</line>
								<line number="208" hits="40832" branch="false"/>
								<line number="209" hits="25520" branch="false"/>
							</lines>
						</method>
						<method name="getDirections" signature="()Ljava/lang/String;" line-rate="1.0" branch-rate="1.0" complexity="0">
							<lines>
								<line number="145" hits="36" branch="false"/>
							</lines>
						</method>
						<method name="getFloor" signature="()I" line-rate="1.0" branch-rate="1.0" complexity="0">
							<lines>
								<line number="116" hits="36" branch="false"/>
							</lines>
						</method>
						<method name="getParkingNumber" signature="()Ljava/lang/String;" line-rate="1.0" branch-rate="1.0" complexity="0">
							<lines>
								<line number="107" hits="1246" branch="false"/>
							</lines>
						</method>
						<method name="getParkingSpot" signature="()I" line-rate="1.0" branch-rate="1.0" complexity="0">
							<lines>
								<line number="98" hits="560" branch="false"/>
							</lines>
						</method>
						<method name="getParkingType" signature="()Ljava/lang/String;" line-rate="1.0" branch-rate="1.0" complexity="0">
							<lines>
								<line number="218" hits="56" branch="false"/>
							</lines>
						</method>
						<method name="getPrintWriter" signature="()Ljava/io/PrintWriter;" line-rate="1.0" branch-rate="1.0" complexity="0">
							<lines>
								<line number="125" hits="440" branch="false"/>
							</lines>
						</method>
						<method name="getUser" signature="()Lserver/controller/ParkingUser;" line-rate="1.0" branch-rate="1.0" complexity="0">
							<lines>
								<line number="88" hits="36" branch="false"/>
							</lines>
						</method>
						<method name="isAvailable" signature="()Z" line-rate="1.0" branch-rate="1.0" complexity="0">
							<lines>
								<line number="163" hits="5188" branch="true" condition-coverage="100% (2/2)">
									<conditions>
										<condition number="0" type="jump" coverage="100%"/>
									</conditions>
								</line>
							</lines>
						</method>
						<method name="isConnected" signature="()Z" line-rate="1.0" branch-rate="1.0" complexity="0">
							<lines>
								<line number="153" hits="5168" branch="true" condition-coverage="100% (2/2)">
									<conditions>
										<condition number="0" type="jump" coverage="100%"/>
									</conditions>
								</line>
							</lines>
						</method>
						<method name="removeAssignedUser" signature="()V" line-rate="1.0" branch-rate="1.0" complexity="0">
							<lines>
								<line number="78" hits="14" branch="false"/>
								<line number="79" hits="14" branch="false"/>
							</lines>
						</method>
						<method name="setPrintWriter" signature="(Ljava/io/PrintWriter;)V" line-rate="1.0" branch-rate="1.0" complexity="0">
							<lines>
								<line number="134" hits="108" branch="false"/>
								<line number="135" hits="108" branch="false"/>
								<line number="136" hits="108" branch="false"/>
								<line number="137" hits="108" branch="false"/>
							</lines>
						</method>
						<method name="toString" signature="()Ljava/lang/String;" line-rate="1.0" branch-rate="1.0" complexity="0">
							<lines>
								<line number="175" hits="5104" branch="false"/>
								<line number="176" hits="5104" branch="false"/>
								<line number="177" hits="5104" branch="false"/>
								<line number="178" hits="5104" branch="false"/>
								<line number="179" hits="5104" branch="false"/>
								<line number="180" hits="5104" branch="false"/>
								<line number="181" hits="5104" branch="false"/>
								<line number="182" hits="5104" branch="false"/>
								<line number="186" hits="5104" branch="true" condition-coverage="100% (2/2)">
									<conditions>
										<condition number="0" type="jump" coverage="100%"/>
									</conditions>
								</line>
								<line number="188" hits="4860" branch="false"/>
								<line number="191" hits="244" branch="false"/>
								<line number="192" hits="5104" branch="true" condition-coverage="100% (2/2)">
									<conditions>
										<condition number="0" type="jump" coverage="100%"/>
									</conditions>
								</line>
								<line number="193" hits="272" branch="false"/>
								<line number="195" hits="4832" branch="false"/>
								<line number="197" hits="5104" branch="false"/>
							</lines>
						</method>
					</methods>
					<lines>
						<line number="49" hits="440" branch="false"/>
						<line number="50" hits="440" branch="false"/>
						<line number="51" hits="440" branch="false"/>
						<line number="52" hits="440" branch="false"/>
						<line number="54" hits="440" branch="false"/>
						<line number="55" hits="440" branch="false"/>
						<line number="57" hits="440" branch="false"/>
						<line number="58" hits="440" branch="false"/>
						<line number="60" hits="440" branch="false"/>
						<line number="69" hits="42" branch="false"/>
						<line number="70" hits="42" branch="false"/>
						<line number="78" hits="14" branch="false"/>
						<line number="79" hits="14" branch="false"/>
						<line number="88" hits="36" branch="false"/>
						<line number="98" hits="560" branch="false"/>
						<line number="107" hits="1246" branch="false"/>
						<line number="116" hits="36" branch="false"/>
						<line number="125" hits="440" branch="false"/>
						<line number="134" hits="108" branch="false"/>
						<line number="135" hits="108" branch="false"/>
						<line number="136" hits="108" branch="false"/>
						<line number="137" hits="108" branch="false"/>
						<line number="145" hits="36" branch="false"/>
						<line number="153" hits="5168" branch="true" condition-coverage="100% (2/2)">
							<conditions>
								<condition number="0" type="jump" coverage="100%"/>
							</conditions>
						</line>
						<line number="163" hits="5188" branch="true" condition-coverage="100% (2/2)">
							<conditions>
								<condition number="0" type="jump" coverage="100%"/>
							</conditions>
						</line>
						<line number="169" hits="560" branch="false"/>
						<line number="175" hits="5104" branch="false"/>
						<line number="176" hits="5104" branch="false"/>
						<line number="177" hits="5104" branch="false"/>
						<line number="178" hits="5104" branch="false"/>
						<line number="179" hits="5104" branch="false"/>
						<line number="180" hits="5104" branch="false"/>
						<line number="181" hits="5104" branch="false"/>
						<line number="182" hits="5104" branch="false"/>
						<line number="186" hits="5104" branch="true" condition-coverage="100% (2/2)">
							<conditions>
								<condition number="0" type="jump" coverage="100%"/>
							</conditions>
						</line>
						<line number="188" hits="4860" branch="false"/>
						<line number="191" hits="244" branch="false"/>
						<line number="192" hits="5104" branch="true" condition-coverage="100% (2/2)">
							<conditions>
								<condition number="0" type="jump" coverage="100%"/>
							</conditions>
						</line>
						<line number="193" hits="272" branch="false"/>
						<line number="195" hits="4832" branch="false"/>
						<line number="197" hits="5104" branch="false"/>
						<line number="205" hits="25520" branch="false"/>
						<line number="206" hits="25520" branch="false"/>
						<line number="207" hits="66352" branch="true" condition-coverage="100% (2/2)">
							<conditions>
								<condition number="0" type="jump" coverage="100%"/>
							</conditions>
						</line>
						<line number="208" hits="40832" branch="false"/>
						<line number="209" hits="25520" branch="false"/>
						<line number="218" hits="56" branch="false"/>
					</lines>
				</class>
			</classes>
		</package>
	</packages>
</coverage>
