<?xml version="1.0"?>
<!DOCTYPE coverage SYSTEM "http://cobertura.sourceforge.net/xml/coverage-04.dtd">

<coverage line-rate="0.8385197645079899" branch-rate="0.765" lines-covered="997" lines-valid="1189" branches-covered="153" branches-valid="200" complexity="0.0" version="2.1.1" timestamp="1542600593923">
	<sources>
		<source>${src.dir}</source>
	</sources>
	<packages>
		<package name="client.maindisplay" line-rate="0.9289772727272727" branch-rate="0.75" complexity="0.0">
			<classes>
				<class name="client.maindisplay.DisplayDirections" filename="client/maindisplay/DisplayDirections.java" line-rate="0.9710144927536232" branch-rate="1.0" complexity="0.0">
					<methods>
						<method name="&lt;init&gt;" signature="()V" line-rate="1.0" branch-rate="1.0" complexity="0">
							<lines>
								<line number="17" hits="1204" branch="false"/>
								<line number="18" hits="1204" branch="false"/>
								<line number="31" hits="1204" branch="false"/>
								<line number="32" hits="1204" branch="false"/>
								<line number="33" hits="1204" branch="false"/>
							</lines>
						</method>
						<method name="access$000" signature="(Lclient/maindisplay/DisplayDirections;Ljava/awt/event/ActionEvent;)V" line-rate="1.0" branch-rate="1.0" complexity="0">
							<lines>
							</lines>
						</method>
						<method name="access$100" signature="(Lclient/maindisplay/DisplayDirections;Ljava/awt/event/ActionEvent;)V" line-rate="1.0" branch-rate="1.0" complexity="0">
							<lines>
								<line number="15" hits="348" branch="false"/>
							</lines>
						</method>
						<method name="cancelButtonActionPerformed" signature="(Ljava/awt/event/ActionEvent;)V" line-rate="1.0" branch-rate="1.0" complexity="0">
							<lines>
								<line number="129" hits="80" branch="false"/>
								<line number="130" hits="80" branch="false"/>
								<line number="131" hits="80" branch="false"/>
							</lines>
						</method>
						<method name="displayNext" signature="()Z" line-rate="1.0" branch-rate="1.0" complexity="0">
							<lines>
								<line number="23" hits="11916" branch="true" condition-coverage="100% (2/2)">
									<conditions>
										<condition number="0" type="jump" coverage="100%"/>
									</conditions>
								</line>
								<line number="25" hits="348" branch="false"/>
								<line number="27" hits="11916" branch="false"/>
							</lines>
						</method>
						<method name="finishButtonActionPerformed" signature="(Ljava/awt/event/ActionEvent;)V" line-rate="1.0" branch-rate="1.0" complexity="0">
							<lines>
								<line number="123" hits="268" branch="false"/>
								<line number="125" hits="268" branch="false"/>
							</lines>
						</method>
						<method name="initComponents" signature="()V" line-rate="1.0" branch-rate="1.0" complexity="0">
							<lines>
								<line number="44" hits="1204" branch="false"/>
								<line number="45" hits="1204" branch="false"/>
								<line number="46" hits="1204" branch="false"/>
								<line number="47" hits="1204" branch="false"/>
								<line number="48" hits="1204" branch="false"/>
								<line number="50" hits="1204" branch="false"/>
								<line number="52" hits="1204" branch="false"/>
								<line number="53" hits="1204" branch="false"/>
								<line number="54" hits="1204" branch="false"/>
								<line number="60" hits="1204" branch="false"/>
								<line number="61" hits="1204" branch="false"/>
								<line number="62" hits="1204" branch="false"/>
								<line number="68" hits="1204" branch="false"/>
								<line number="69" hits="1204" branch="false"/>
								<line number="70" hits="1204" branch="false"/>
								<line number="72" hits="1204" branch="false"/>
								<line number="73" hits="1204" branch="false"/>
								<line number="75" hits="1204" branch="false"/>
								<line number="76" hits="1204" branch="false"/>
								<line number="77" hits="2408" branch="false"/>
								<line number="78" hits="1204" branch="false"/>
								<line number="79" hits="2408" branch="false"/>
								<line number="80" hits="2408" branch="false"/>
								<line number="81" hits="2408" branch="false"/>
								<line number="82" hits="1204" branch="false"/>
								<line number="83" hits="2408" branch="false"/>
								<line number="84" hits="2408" branch="false"/>
								<line number="85" hits="1204" branch="false"/>
								<line number="86" hits="1204" branch="false"/>
								<line number="87" hits="1204" branch="false"/>
								<line number="88" hits="1204" branch="false"/>
								<line number="89" hits="2408" branch="false"/>
								<line number="90" hits="1204" branch="false"/>
								<line number="91" hits="1204" branch="false"/>
								<line number="92" hits="1204" branch="false"/>
								<line number="94" hits="2408" branch="false"/>
								<line number="95" hits="1204" branch="false"/>
								<line number="96" hits="2408" branch="false"/>
								<line number="97" hits="1204" branch="false"/>
								<line number="98" hits="1204" branch="false"/>
								<line number="99" hits="1204" branch="false"/>
								<line number="100" hits="1204" branch="false"/>
								<line number="101" hits="1204" branch="false"/>
								<line number="102" hits="2408" branch="false"/>
								<line number="103" hits="1204" branch="false"/>
								<line number="104" hits="1204" branch="false"/>
								<line number="105" hits="1204" branch="false"/>
								<line number="108" hits="1204" branch="false"/>
								<line number="109" hits="1204" branch="false"/>
							</lines>
						</method>
						<method name="isCanceled" signature="()Z" line-rate="1.0" branch-rate="1.0" complexity="0">
							<lines>
								<line number="139" hits="352" branch="false"/>
							</lines>
						</method>
						<method name="main" signature="([Ljava/lang/String;)V" line-rate="0.0" branch-rate="1.0" complexity="0">
							<lines>
								<line number="145" hits="0" branch="false"/>
								<line number="151" hits="0" branch="false"/>
							</lines>
						</method>
						<method name="updateDirections" signature="(Ljava/lang/String;)V" line-rate="1.0" branch-rate="1.0" complexity="0">
							<lines>
								<line number="117" hits="360" branch="false"/>
								<line number="118" hits="360" branch="false"/>
								<line number="119" hits="360" branch="false"/>
							</lines>
						</method>
					</methods>
					<lines>
						<line number="15" hits="348" branch="false"/>
						<line number="17" hits="1204" branch="false"/>
						<line number="18" hits="1204" branch="false"/>
						<line number="23" hits="11916" branch="true" condition-coverage="100% (2/2)">
							<conditions>
								<condition number="0" type="jump" coverage="100%"/>
							</conditions>
						</line>
						<line number="25" hits="348" branch="false"/>
						<line number="27" hits="11916" branch="false"/>
						<line number="31" hits="1204" branch="false"/>
						<line number="32" hits="1204" branch="false"/>
						<line number="33" hits="1204" branch="false"/>
						<line number="44" hits="1204" branch="false"/>
						<line number="45" hits="1204" branch="false"/>
						<line number="46" hits="1204" branch="false"/>
						<line number="47" hits="1204" branch="false"/>
						<line number="48" hits="1204" branch="false"/>
						<line number="50" hits="1204" branch="false"/>
						<line number="52" hits="1204" branch="false"/>
						<line number="53" hits="1204" branch="false"/>
						<line number="54" hits="1204" branch="false"/>
						<line number="60" hits="1204" branch="false"/>
						<line number="61" hits="1204" branch="false"/>
						<line number="62" hits="1204" branch="false"/>
						<line number="68" hits="1204" branch="false"/>
						<line number="69" hits="1204" branch="false"/>
						<line number="70" hits="1204" branch="false"/>
						<line number="72" hits="1204" branch="false"/>
						<line number="73" hits="1204" branch="false"/>
						<line number="75" hits="1204" branch="false"/>
						<line number="76" hits="1204" branch="false"/>
						<line number="77" hits="2408" branch="false"/>
						<line number="78" hits="1204" branch="false"/>
						<line number="79" hits="2408" branch="false"/>
						<line number="80" hits="2408" branch="false"/>
						<line number="81" hits="2408" branch="false"/>
						<line number="82" hits="1204" branch="false"/>
						<line number="83" hits="2408" branch="false"/>
						<line number="84" hits="2408" branch="false"/>
						<line number="85" hits="1204" branch="false"/>
						<line number="86" hits="1204" branch="false"/>
						<line number="87" hits="1204" branch="false"/>
						<line number="88" hits="1204" branch="false"/>
						<line number="89" hits="2408" branch="false"/>
						<line number="90" hits="1204" branch="false"/>
						<line number="91" hits="1204" branch="false"/>
						<line number="92" hits="1204" branch="false"/>
						<line number="94" hits="2408" branch="false"/>
						<line number="95" hits="1204" branch="false"/>
						<line number="96" hits="2408" branch="false"/>
						<line number="97" hits="1204" branch="false"/>
						<line number="98" hits="1204" branch="false"/>
						<line number="99" hits="1204" branch="false"/>
						<line number="100" hits="1204" branch="false"/>
						<line number="101" hits="1204" branch="false"/>
						<line number="102" hits="2408" branch="false"/>
						<line number="103" hits="1204" branch="false"/>
						<line number="104" hits="1204" branch="false"/>
						<line number="105" hits="1204" branch="false"/>
						<line number="108" hits="1204" branch="false"/>
						<line number="109" hits="1204" branch="false"/>
						<line number="117" hits="360" branch="false"/>
						<line number="118" hits="360" branch="false"/>
						<line number="119" hits="360" branch="false"/>
						<line number="123" hits="268" branch="false"/>
						<line number="125" hits="268" branch="false"/>
						<line number="129" hits="80" branch="false"/>
						<line number="130" hits="80" branch="false"/>
						<line number="131" hits="80" branch="false"/>
						<line number="139" hits="352" branch="false"/>
						<line number="145" hits="0" branch="false"/>
						<line number="151" hits="0" branch="false"/>
					</lines>
				</class>
				<class name="client.maindisplay.DisplayDirections$1" filename="client/maindisplay/DisplayDirections.java" line-rate="1.0" branch-rate="1.0" complexity="0.0">
					<methods>
						<method name="&lt;init&gt;" signature="(Lclient/maindisplay/DisplayDirections;)V" line-rate="1.0" branch-rate="1.0" complexity="0">
							<lines>
								<line number="54" hits="1204" branch="false"/>
							</lines>
						</method>
						<method name="actionPerformed" signature="(Ljava/awt/event/ActionEvent;)V" line-rate="1.0" branch-rate="1.0" complexity="0">
							<lines>
								<line number="56" hits="268" branch="false"/>
								<line number="57" hits="268" branch="false"/>
							</lines>
						</method>
					</methods>
					<lines>
						<line number="54" hits="1204" branch="false"/>
						<line number="56" hits="268" branch="false"/>
						<line number="57" hits="268" branch="false"/>
					</lines>
				</class>
				<class name="client.maindisplay.DisplayDirections$2" filename="client/maindisplay/DisplayDirections.java" line-rate="1.0" branch-rate="1.0" complexity="0.0">
					<methods>
						<method name="&lt;init&gt;" signature="(Lclient/maindisplay/DisplayDirections;)V" line-rate="1.0" branch-rate="1.0" complexity="0">
							<lines>
								<line number="62" hits="1204" branch="false"/>
							</lines>
						</method>
						<method name="actionPerformed" signature="(Ljava/awt/event/ActionEvent;)V" line-rate="1.0" branch-rate="1.0" complexity="0">
							<lines>
								<line number="64" hits="80" branch="false"/>
								<line number="65" hits="80" branch="false"/>
							</lines>
						</method>
					</methods>
					<lines>
						<line number="62" hits="1204" branch="false"/>
						<line number="64" hits="80" branch="false"/>
						<line number="65" hits="80" branch="false"/>
					</lines>
				</class>
				<class name="client.maindisplay.DisplayDirections$3" filename="client/maindisplay/DisplayDirections.java" line-rate="0.0" branch-rate="1.0" complexity="0.0">
					<methods>
						<method name="&lt;init&gt;" signature="()V" line-rate="0.0" branch-rate="1.0" complexity="0">
							<lines>
								<line number="145" hits="0" branch="false"/>
							</lines>
						</method>
						<method name="run" signature="()V" line-rate="0.0" branch-rate="1.0" complexity="0">
							<lines>
								<line number="148" hits="0" branch="false"/>
								<line number="149" hits="0" branch="false"/>
							</lines>
						</method>
					</methods>
					<lines>
						<line number="145" hits="0" branch="false"/>
						<line number="148" hits="0" branch="false"/>
						<line number="149" hits="0" branch="false"/>
					</lines>
				</class>
				<class name="client.maindisplay.Form" filename="client/maindisplay/Form.java" line-rate="1.0" branch-rate="1.0" complexity="0.0">
					<methods>
					</methods>
					<lines>
					</lines>
				</class>
				<class name="client.maindisplay.ParkingNotification" filename="client/maindisplay/ParkingNotification.java" line-rate="0.9428571428571428" branch-rate="0.5" complexity="0.0">
					<methods>
						<method name="&lt;init&gt;" signature="()V" line-rate="1.0" branch-rate="1.0" complexity="0">
							<lines>
								<line number="19" hits="1204" branch="false"/>
								<line number="20" hits="1204" branch="false"/>
								<line number="22" hits="1204" branch="false"/>
								<line number="23" hits="1204" branch="false"/>
								<line number="24" hits="1204" branch="false"/>
							</lines>
						</method>
						<method name="access$000" signature="(Lclient/maindisplay/ParkingNotification;Ljava/awt/event/ActionEvent;)V" line-rate="1.0" branch-rate="1.0" complexity="0">
							<lines>
							</lines>
						</method>
						<method name="access$100" signature="(Lclient/maindisplay/ParkingNotification;Ljava/awt/event/ActionEvent;)V" line-rate="1.0" branch-rate="1.0" complexity="0">
							<lines>
								<line number="17" hits="416" branch="false"/>
							</lines>
						</method>
						<method name="cancelButtonActionPerformed" signature="(Ljava/awt/event/ActionEvent;)V" line-rate="1.0" branch-rate="1.0" complexity="0">
							<lines>
								<line number="119" hits="24" branch="false"/>
								<line number="120" hits="24" branch="false"/>
								<line number="121" hits="24" branch="false"/>
							</lines>
						</method>
						<method name="displayNext" signature="()Z" line-rate="1.0" branch-rate="1.0" complexity="0">
							<lines>
								<line number="28" hits="6676" branch="true" condition-coverage="100% (2/2)">
									<conditions>
										<condition number="0" type="jump" coverage="100%"/>
									</conditions>
								</line>
								<line number="30" hits="416" branch="false"/>
								<line number="32" hits="6676" branch="false"/>
							</lines>
						</method>
						<method name="initComponents" signature="()V" line-rate="1.0" branch-rate="1.0" complexity="0">
							<lines>
								<line number="44" hits="1204" branch="false"/>
								<line number="45" hits="1204" branch="false"/>
								<line number="46" hits="1204" branch="false"/>
								<line number="47" hits="1204" branch="false"/>
								<line number="49" hits="1204" branch="false"/>
								<line number="51" hits="1204" branch="false"/>
								<line number="52" hits="1204" branch="false"/>
								<line number="54" hits="1204" branch="false"/>
								<line number="55" hits="1204" branch="false"/>
								<line number="56" hits="1204" branch="false"/>
								<line number="62" hits="1204" branch="false"/>
								<line number="63" hits="1204" branch="false"/>
								<line number="64" hits="1204" branch="false"/>
								<line number="70" hits="1204" branch="false"/>
								<line number="71" hits="1204" branch="false"/>
								<line number="73" hits="1204" branch="false"/>
								<line number="74" hits="1204" branch="false"/>
								<line number="75" hits="2408" branch="false"/>
								<line number="76" hits="1204" branch="false"/>
								<line number="77" hits="2408" branch="false"/>
								<line number="78" hits="1204" branch="false"/>
								<line number="79" hits="1204" branch="false"/>
								<line number="80" hits="1204" branch="false"/>
								<line number="81" hits="2408" branch="false"/>
								<line number="82" hits="1204" branch="false"/>
								<line number="83" hits="1204" branch="false"/>
								<line number="84" hits="1204" branch="false"/>
								<line number="85" hits="1204" branch="false"/>
								<line number="86" hits="1204" branch="false"/>
								<line number="87" hits="2408" branch="false"/>
								<line number="88" hits="1204" branch="false"/>
								<line number="89" hits="1204" branch="false"/>
								<line number="90" hits="1204" branch="false"/>
								<line number="92" hits="2408" branch="false"/>
								<line number="93" hits="1204" branch="false"/>
								<line number="94" hits="2408" branch="false"/>
								<line number="95" hits="1204" branch="false"/>
								<line number="96" hits="1204" branch="false"/>
								<line number="97" hits="1204" branch="false"/>
								<line number="98" hits="1204" branch="false"/>
								<line number="99" hits="1204" branch="false"/>
								<line number="100" hits="2408" branch="false"/>
								<line number="101" hits="1204" branch="false"/>
								<line number="102" hits="1204" branch="false"/>
								<line number="103" hits="1204" branch="false"/>
								<line number="106" hits="1204" branch="false"/>
								<line number="107" hits="1204" branch="false"/>
							</lines>
						</method>
						<method name="isCanceled" signature="()Z" line-rate="1.0" branch-rate="1.0" complexity="0">
							<lines>
								<line number="129" hits="416" branch="false"/>
							</lines>
						</method>
						<method name="main" signature="([Ljava/lang/String;)V" line-rate="0.0" branch-rate="1.0" complexity="0">
							<lines>
								<line number="135" hits="0" branch="false"/>
								<line number="141" hits="0" branch="false"/>
							</lines>
						</method>
						<method name="nextButtonActionPerformed" signature="(Ljava/awt/event/ActionEvent;)V" line-rate="0.6" branch-rate="0.25" complexity="0">
							<lines>
								<line number="111" hits="392" branch="true" condition-coverage="50% (1/2)">
									<conditions>
										<condition number="0" type="jump" coverage="50%"/>
									</conditions>
								</line>
								<line number="112" hits="0" branch="true" condition-coverage="0% (0/2)">
									<conditions>
										<condition number="0" type="jump" coverage="0%"/>
									</conditions>
								</line>
								<line number="113" hits="0" branch="false"/>
								<line number="114" hits="392" branch="false"/>
								<line number="115" hits="392" branch="false"/>
							</lines>
						</method>
						<method name="updateParkingNotification" signature="(Ljava/lang/String;Ljava/lang/String;)V" line-rate="1.0" branch-rate="1.0" complexity="0">
							<lines>
								<line number="152" hits="440" branch="false"/>
								<line number="153" hits="440" branch="false"/>
								<line number="155" hits="440" branch="false"/>
							</lines>
						</method>
					</methods>
					<lines>
						<line number="17" hits="416" branch="false"/>
						<line number="19" hits="1204" branch="false"/>
						<line number="20" hits="1204" branch="false"/>
						<line number="22" hits="1204" branch="false"/>
						<line number="23" hits="1204" branch="false"/>
						<line number="24" hits="1204" branch="false"/>
						<line number="28" hits="6676" branch="true" condition-coverage="100% (2/2)">
							<conditions>
								<condition number="0" type="jump" coverage="100%"/>
							</conditions>
						</line>
						<line number="30" hits="416" branch="false"/>
						<line number="32" hits="6676" branch="false"/>
						<line number="44" hits="1204" branch="false"/>
						<line number="45" hits="1204" branch="false"/>
						<line number="46" hits="1204" branch="false"/>
						<line number="47" hits="1204" branch="false"/>
						<line number="49" hits="1204" branch="false"/>
						<line number="51" hits="1204" branch="false"/>
						<line number="52" hits="1204" branch="false"/>
						<line number="54" hits="1204" branch="false"/>
						<line number="55" hits="1204" branch="false"/>
						<line number="56" hits="1204" branch="false"/>
						<line number="62" hits="1204" branch="false"/>
						<line number="63" hits="1204" branch="false"/>
						<line number="64" hits="1204" branch="false"/>
						<line number="70" hits="1204" branch="false"/>
						<line number="71" hits="1204" branch="false"/>
						<line number="73" hits="1204" branch="false"/>
						<line number="74" hits="1204" branch="false"/>
						<line number="75" hits="2408" branch="false"/>
						<line number="76" hits="1204" branch="false"/>
						<line number="77" hits="2408" branch="false"/>
						<line number="78" hits="1204" branch="false"/>
						<line number="79" hits="1204" branch="false"/>
						<line number="80" hits="1204" branch="false"/>
						<line number="81" hits="2408" branch="false"/>
						<line number="82" hits="1204" branch="false"/>
						<line number="83" hits="1204" branch="false"/>
						<line number="84" hits="1204" branch="false"/>
						<line number="85" hits="1204" branch="false"/>
						<line number="86" hits="1204" branch="false"/>
						<line number="87" hits="2408" branch="false"/>
						<line number="88" hits="1204" branch="false"/>
						<line number="89" hits="1204" branch="false"/>
						<line number="90" hits="1204" branch="false"/>
						<line number="92" hits="2408" branch="false"/>
						<line number="93" hits="1204" branch="false"/>
						<line number="94" hits="2408" branch="false"/>
						<line number="95" hits="1204" branch="false"/>
						<line number="96" hits="1204" branch="false"/>
						<line number="97" hits="1204" branch="false"/>
						<line number="98" hits="1204" branch="false"/>
						<line number="99" hits="1204" branch="false"/>
						<line number="100" hits="2408" branch="false"/>
						<line number="101" hits="1204" branch="false"/>
						<line number="102" hits="1204" branch="false"/>
						<line number="103" hits="1204" branch="false"/>
						<line number="106" hits="1204" branch="false"/>
						<line number="107" hits="1204" branch="false"/>
						<line number="111" hits="392" branch="true" condition-coverage="50% (1/2)">
							<conditions>
								<condition number="0" type="jump" coverage="50%"/>
							</conditions>
						</line>
						<line number="112" hits="0" branch="true" condition-coverage="0% (0/2)">
							<conditions>
								<condition number="0" type="jump" coverage="0%"/>
							</conditions>
						</line>
						<line number="113" hits="0" branch="false"/>
						<line number="114" hits="392" branch="false"/>
						<line number="115" hits="392" branch="false"/>
						<line number="119" hits="24" branch="false"/>
						<line number="120" hits="24" branch="false"/>
						<line number="121" hits="24" branch="false"/>
						<line number="129" hits="416" branch="false"/>
						<line number="135" hits="0" branch="false"/>
						<line number="141" hits="0" branch="false"/>
						<line number="152" hits="440" branch="false"/>
						<line number="153" hits="440" branch="false"/>
						<line number="155" hits="440" branch="false"/>
					</lines>
				</class>
				<class name="client.maindisplay.ParkingNotification$1" filename="client/maindisplay/ParkingNotification.java" line-rate="1.0" branch-rate="1.0" complexity="0.0">
					<methods>
						<method name="&lt;init&gt;" signature="(Lclient/maindisplay/ParkingNotification;)V" line-rate="1.0" branch-rate="1.0" complexity="0">
							<lines>
								<line number="56" hits="1204" branch="false"/>
							</lines>
						</method>
						<method name="actionPerformed" signature="(Ljava/awt/event/ActionEvent;)V" line-rate="1.0" branch-rate="1.0" complexity="0">
							<lines>
								<line number="58" hits="392" branch="false"/>
								<line number="59" hits="392" branch="false"/>
							</lines>
						</method>
					</methods>
					<lines>
						<line number="56" hits="1204" branch="false"/>
						<line number="58" hits="392" branch="false"/>
						<line number="59" hits="392" branch="false"/>
					</lines>
				</class>
				<class name="client.maindisplay.ParkingNotification$2" filename="client/maindisplay/ParkingNotification.java" line-rate="1.0" branch-rate="1.0" complexity="0.0">
					<methods>
						<method name="&lt;init&gt;" signature="(Lclient/maindisplay/ParkingNotification;)V" line-rate="1.0" branch-rate="1.0" complexity="0">
							<lines>
								<line number="64" hits="1204" branch="false"/>
							</lines>
						</method>
						<method name="actionPerformed" signature="(Ljava/awt/event/ActionEvent;)V" line-rate="1.0" branch-rate="1.0" complexity="0">
							<lines>
								<line number="66" hits="24" branch="false"/>
								<line number="67" hits="24" branch="false"/>
							</lines>
						</method>
					</methods>
					<lines>
						<line number="64" hits="1204" branch="false"/>
						<line number="66" hits="24" branch="false"/>
						<line number="67" hits="24" branch="false"/>
					</lines>
				</class>
				<class name="client.maindisplay.ParkingNotification$3" filename="client/maindisplay/ParkingNotification.java" line-rate="0.0" branch-rate="1.0" complexity="0.0">
					<methods>
						<method name="&lt;init&gt;" signature="()V" line-rate="0.0" branch-rate="1.0" complexity="0">
							<lines>
								<line number="135" hits="0" branch="false"/>
							</lines>
						</method>
						<method name="run" signature="()V" line-rate="0.0" branch-rate="1.0" complexity="0">
							<lines>
								<line number="138" hits="0" branch="false"/>
								<line number="139" hits="0" branch="false"/>
							</lines>
						</method>
					</methods>
					<lines>
						<line number="135" hits="0" branch="false"/>
						<line number="138" hits="0" branch="false"/>
						<line number="139" hits="0" branch="false"/>
					</lines>
				</class>
				<class name="client.maindisplay.SpotNumberDisplay" filename="client/maindisplay/SpotNumberDisplay.java" line-rate="0.9705882352941176" branch-rate="1.0" complexity="0.0">
					<methods>
						<method name="&lt;init&gt;" signature="()V" line-rate="1.0" branch-rate="1.0" complexity="0">
							<lines>
								<line number="19" hits="1204" branch="false"/>
								<line number="20" hits="1204" branch="false"/>
								<line number="23" hits="1204" branch="false"/>
								<line number="24" hits="1204" branch="false"/>
								<line number="25" hits="1204" branch="false"/>
							</lines>
						</method>
						<method name="access$000" signature="(Lclient/maindisplay/SpotNumberDisplay;Ljava/awt/event/ActionEvent;)V" line-rate="1.0" branch-rate="1.0" complexity="0">
							<lines>
							</lines>
						</method>
						<method name="access$100" signature="(Lclient/maindisplay/SpotNumberDisplay;Ljava/awt/event/ActionEvent;)V" line-rate="1.0" branch-rate="1.0" complexity="0">
							<lines>
								<line number="17" hits="372" branch="false"/>
							</lines>
						</method>
						<method name="cancelButtonActionPerformed" signature="(Ljava/awt/event/ActionEvent;)V" line-rate="1.0" branch-rate="1.0" complexity="0">
							<lines>
								<line number="119" hits="12" branch="false"/>
								<line number="120" hits="12" branch="false"/>
								<line number="121" hits="12" branch="false"/>
							</lines>
						</method>
						<method name="displayNext" signature="()Z" line-rate="1.0" branch-rate="1.0" complexity="0">
							<lines>
								<line number="29" hits="1928" branch="true" condition-coverage="100% (2/2)">
									<conditions>
										<condition number="0" type="jump" coverage="100%"/>
									</conditions>
								</line>
								<line number="31" hits="372" branch="false"/>
								<line number="33" hits="1928" branch="false"/>
							</lines>
						</method>
						<method name="initComponents" signature="()V" line-rate="1.0" branch-rate="1.0" complexity="0">
							<lines>
								<line number="45" hits="1204" branch="false"/>
								<line number="46" hits="1204" branch="false"/>
								<line number="47" hits="1204" branch="false"/>
								<line number="48" hits="1204" branch="false"/>
								<line number="50" hits="1204" branch="false"/>
								<line number="52" hits="1204" branch="false"/>
								<line number="53" hits="1204" branch="false"/>
								<line number="54" hits="1204" branch="false"/>
								<line number="55" hits="1204" branch="false"/>
								<line number="56" hits="1204" branch="false"/>
								<line number="57" hits="1204" branch="false"/>
								<line number="63" hits="1204" branch="false"/>
								<line number="64" hits="1204" branch="false"/>
								<line number="65" hits="1204" branch="false"/>
								<line number="71" hits="1204" branch="false"/>
								<line number="72" hits="1204" branch="false"/>
								<line number="74" hits="1204" branch="false"/>
								<line number="75" hits="1204" branch="false"/>
								<line number="77" hits="1204" branch="false"/>
								<line number="78" hits="1204" branch="false"/>
								<line number="79" hits="2408" branch="false"/>
								<line number="80" hits="1204" branch="false"/>
								<line number="81" hits="2408" branch="false"/>
								<line number="82" hits="1204" branch="false"/>
								<line number="83" hits="1204" branch="false"/>
								<line number="84" hits="1204" branch="false"/>
								<line number="85" hits="2408" branch="false"/>
								<line number="86" hits="1204" branch="false"/>
								<line number="87" hits="2408" branch="false"/>
								<line number="88" hits="1204" branch="false"/>
								<line number="89" hits="2408" branch="false"/>
								<line number="90" hits="1204" branch="false"/>
								<line number="91" hits="1204" branch="false"/>
								<line number="92" hits="1204" branch="false"/>
								<line number="93" hits="1204" branch="false"/>
								<line number="95" hits="2408" branch="false"/>
								<line number="96" hits="1204" branch="false"/>
								<line number="97" hits="2408" branch="false"/>
								<line number="98" hits="1204" branch="false"/>
								<line number="99" hits="1204" branch="false"/>
								<line number="100" hits="1204" branch="false"/>
								<line number="101" hits="1204" branch="false"/>
								<line number="102" hits="1204" branch="false"/>
								<line number="103" hits="2408" branch="false"/>
								<line number="104" hits="1204" branch="false"/>
								<line number="105" hits="1204" branch="false"/>
								<line number="106" hits="1204" branch="false"/>
								<line number="109" hits="1204" branch="false"/>
								<line number="110" hits="1204" branch="false"/>
							</lines>
						</method>
						<method name="isCanceled" signature="()Z" line-rate="1.0" branch-rate="1.0" complexity="0">
							<lines>
								<line number="129" hits="372" branch="false"/>
							</lines>
						</method>
						<method name="main" signature="([Ljava/lang/String;)V" line-rate="0.0" branch-rate="1.0" complexity="0">
							<lines>
								<line number="144" hits="0" branch="false"/>
								<line number="150" hits="0" branch="false"/>
							</lines>
						</method>
						<method name="nextButtonActionPerformed" signature="(Ljava/awt/event/ActionEvent;)V" line-rate="1.0" branch-rate="1.0" complexity="0">
							<lines>
								<line number="114" hits="360" branch="false"/>
								<line number="115" hits="360" branch="false"/>
							</lines>
						</method>
						<method name="updateParkingSpotNumberLabel" signature="(Ljava/lang/String;)V" line-rate="1.0" branch-rate="1.0" complexity="0">
							<lines>
								<line number="138" hits="372" branch="false"/>
								<line number="139" hits="372" branch="false"/>
							</lines>
						</method>
					</methods>
					<lines>
						<line number="17" hits="372" branch="false"/>
						<line number="19" hits="1204" branch="false"/>
						<line number="20" hits="1204" branch="false"/>
						<line number="23" hits="1204" branch="false"/>
						<line number="24" hits="1204" branch="false"/>
						<line number="25" hits="1204" branch="false"/>
						<line number="29" hits="1928" branch="true" condition-coverage="100% (2/2)">
							<conditions>
								<condition number="0" type="jump" coverage="100%"/>
							</conditions>
						</line>
						<line number="31" hits="372" branch="false"/>
						<line number="33" hits="1928" branch="false"/>
						<line number="45" hits="1204" branch="false"/>
						<line number="46" hits="1204" branch="false"/>
						<line number="47" hits="1204" branch="false"/>
						<line number="48" hits="1204" branch="false"/>
						<line number="50" hits="1204" branch="false"/>
						<line number="52" hits="1204" branch="false"/>
						<line number="53" hits="1204" branch="false"/>
						<line number="54" hits="1204" branch="false"/>
						<line number="55" hits="1204" branch="false"/>
						<line number="56" hits="1204" branch="false"/>
						<line number="57" hits="1204" branch="false"/>
						<line number="63" hits="1204" branch="false"/>
						<line number="64" hits="1204" branch="false"/>
						<line number="65" hits="1204" branch="false"/>
						<line number="71" hits="1204" branch="false"/>
						<line number="72" hits="1204" branch="false"/>
						<line number="74" hits="1204" branch="false"/>
						<line number="75" hits="1204" branch="false"/>
						<line number="77" hits="1204" branch="false"/>
						<line number="78" hits="1204" branch="false"/>
						<line number="79" hits="2408" branch="false"/>
						<line number="80" hits="1204" branch="false"/>
						<line number="81" hits="2408" branch="false"/>
						<line number="82" hits="1204" branch="false"/>
						<line number="83" hits="1204" branch="false"/>
						<line number="84" hits="1204" branch="false"/>
						<line number="85" hits="2408" branch="false"/>
						<line number="86" hits="1204" branch="false"/>
						<line number="87" hits="2408" branch="false"/>
						<line number="88" hits="1204" branch="false"/>
						<line number="89" hits="2408" branch="false"/>
						<line number="90" hits="1204" branch="false"/>
						<line number="91" hits="1204" branch="false"/>
						<line number="92" hits="1204" branch="false"/>
						<line number="93" hits="1204" branch="false"/>
						<line number="95" hits="2408" branch="false"/>
						<line number="96" hits="1204" branch="false"/>
						<line number="97" hits="2408" branch="false"/>
						<line number="98" hits="1204" branch="false"/>
						<line number="99" hits="1204" branch="false"/>
						<line number="100" hits="1204" branch="false"/>
						<line number="101" hits="1204" branch="false"/>
						<line number="102" hits="1204" branch="false"/>
						<line number="103" hits="2408" branch="false"/>
						<line number="104" hits="1204" branch="false"/>
						<line number="105" hits="1204" branch="false"/>
						<line number="106" hits="1204" branch="false"/>
						<line number="109" hits="1204" branch="false"/>
						<line number="110" hits="1204" branch="false"/>
						<line number="114" hits="360" branch="false"/>
						<line number="115" hits="360" branch="false"/>
						<line number="119" hits="12" branch="false"/>
						<line number="120" hits="12" branch="false"/>
						<line number="121" hits="12" branch="false"/>
						<line number="129" hits="372" branch="false"/>
						<line number="138" hits="372" branch="false"/>
						<line number="139" hits="372" branch="false"/>
						<line number="144" hits="0" branch="false"/>
						<line number="150" hits="0" branch="false"/>
					</lines>
				</class>
				<class name="client.maindisplay.SpotNumberDisplay$1" filename="client/maindisplay/SpotNumberDisplay.java" line-rate="1.0" branch-rate="1.0" complexity="0.0">
					<methods>
						<method name="&lt;init&gt;" signature="(Lclient/maindisplay/SpotNumberDisplay;)V" line-rate="1.0" branch-rate="1.0" complexity="0">
							<lines>
								<line number="57" hits="1204" branch="false"/>
							</lines>
						</method>
						<method name="actionPerformed" signature="(Ljava/awt/event/ActionEvent;)V" line-rate="1.0" branch-rate="1.0" complexity="0">
							<lines>
								<line number="59" hits="360" branch="false"/>
								<line number="60" hits="360" branch="false"/>
							</lines>
						</method>
					</methods>
					<lines>
						<line number="57" hits="1204" branch="false"/>
						<line number="59" hits="360" branch="false"/>
						<line number="60" hits="360" branch="false"/>
					</lines>
				</class>
				<class name="client.maindisplay.SpotNumberDisplay$2" filename="client/maindisplay/SpotNumberDisplay.java" line-rate="1.0" branch-rate="1.0" complexity="0.0">
					<methods>
						<method name="&lt;init&gt;" signature="(Lclient/maindisplay/SpotNumberDisplay;)V" line-rate="1.0" branch-rate="1.0" complexity="0">
							<lines>
								<line number="65" hits="1204" branch="false"/>
							</lines>
						</method>
						<method name="actionPerformed" signature="(Ljava/awt/event/ActionEvent;)V" line-rate="1.0" branch-rate="1.0" complexity="0">
							<lines>
								<line number="67" hits="12" branch="false"/>
								<line number="68" hits="12" branch="false"/>
							</lines>
						</method>
					</methods>
					<lines>
						<line number="65" hits="1204" branch="false"/>
						<line number="67" hits="12" branch="false"/>
						<line number="68" hits="12" branch="false"/>
					</lines>
				</class>
				<class name="client.maindisplay.SpotNumberDisplay$3" filename="client/maindisplay/SpotNumberDisplay.java" line-rate="0.0" branch-rate="1.0" complexity="0.0">
					<methods>
						<method name="&lt;init&gt;" signature="()V" line-rate="0.0" branch-rate="1.0" complexity="0">
							<lines>
								<line number="144" hits="0" branch="false"/>
							</lines>
						</method>
						<method name="run" signature="()V" line-rate="0.0" branch-rate="1.0" complexity="0">
							<lines>
								<line number="147" hits="0" branch="false"/>
								<line number="148" hits="0" branch="false"/>
							</lines>
						</method>
					</methods>
					<lines>
						<line number="144" hits="0" branch="false"/>
						<line number="147" hits="0" branch="false"/>
						<line number="148" hits="0" branch="false"/>
					</lines>
				</class>
				<class name="client.maindisplay.WelcomeDisplay" filename="client/maindisplay/WelcomeDisplay.java" line-rate="0.970873786407767" branch-rate="1.0" complexity="0.0">
					<methods>
						<method name="&lt;init&gt;" signature="()V" line-rate="1.0" branch-rate="1.0" complexity="0">
							<lines>
								<line number="24" hits="1204" branch="false"/>
								<line number="25" hits="1204" branch="false"/>
								<line number="26" hits="1204" branch="false"/>
								<line number="29" hits="1204" branch="false"/>
								<line number="30" hits="1204" branch="false"/>
								<line number="31" hits="1204" branch="false"/>
							</lines>
						</method>
						<method name="access$000" signature="(Lclient/maindisplay/WelcomeDisplay;Ljava/awt/event/ActionEvent;)V" line-rate="1.0" branch-rate="1.0" complexity="0">
							<lines>
							</lines>
						</method>
						<method name="access$100" signature="(Lclient/maindisplay/WelcomeDisplay;Ljava/awt/event/ActionEvent;)V" line-rate="1.0" branch-rate="1.0" complexity="0">
							<lines>
							</lines>
						</method>
						<method name="access$200" signature="(Lclient/maindisplay/WelcomeDisplay;Ljava/awt/event/ActionEvent;)V" line-rate="1.0" branch-rate="1.0" complexity="0">
							<lines>
							</lines>
						</method>
						<method name="access$300" signature="(Lclient/maindisplay/WelcomeDisplay;Ljava/awt/event/ActionEvent;)V" line-rate="1.0" branch-rate="1.0" complexity="0">
							<lines>
								<line number="19" hits="436" branch="false"/>
							</lines>
						</method>
						<method name="displayNext" signature="()Z" line-rate="1.0" branch-rate="1.0" complexity="0">
							<lines>
								<line number="191" hits="116400" branch="true" condition-coverage="100% (2/2)">
									<conditions>
										<condition number="0" type="jump" coverage="100%"/>
									</conditions>
								</line>
								<line number="192" hits="436" branch="false"/>
								<line number="194" hits="116400" branch="false"/>
							</lines>
						</method>
						<method name="getID" signature="()Ljava/lang/String;" line-rate="1.0" branch-rate="1.0" complexity="0">
							<lines>
								<line number="186" hits="452" branch="false"/>
							</lines>
						</method>
						<method name="getUserType" signature="()Ljava/lang/String;" line-rate="1.0" branch-rate="1.0" complexity="0">
							<lines>
								<line number="176" hits="452" branch="false"/>
								<line number="177" hits="452" branch="false"/>
							</lines>
						</method>
						<method name="guestButtonActionPerformed" signature="(Ljava/awt/event/ActionEvent;)V" line-rate="1.0" branch-rate="1.0" complexity="0">
							<lines>
								<line number="160" hits="132" branch="false"/>
								<line number="161" hits="132" branch="false"/>
								<line number="162" hits="132" branch="false"/>
							</lines>
						</method>
						<method name="handicapButtonActionPerformed" signature="(Ljava/awt/event/ActionEvent;)V" line-rate="1.0" branch-rate="1.0" complexity="0">
							<lines>
								<line number="166" hits="72" branch="false"/>
								<line number="167" hits="72" branch="false"/>
								<line number="168" hits="72" branch="false"/>
							</lines>
						</method>
						<method name="initComponents" signature="()V" line-rate="1.0" branch-rate="1.0" complexity="0">
							<lines>
								<line number="44" hits="1204" branch="false"/>
								<line number="45" hits="1204" branch="false"/>
								<line number="46" hits="1204" branch="false"/>
								<line number="47" hits="1204" branch="false"/>
								<line number="48" hits="1204" branch="false"/>
								<line number="49" hits="1204" branch="false"/>
								<line number="51" hits="1204" branch="false"/>
								<line number="52" hits="1204" branch="false"/>
								<line number="54" hits="1204" branch="false"/>
								<line number="55" hits="1204" branch="false"/>
								<line number="56" hits="1204" branch="false"/>
								<line number="61" hits="1204" branch="false"/>
								<line number="62" hits="1204" branch="false"/>
								<line number="63" hits="1204" branch="false"/>
								<line number="64" hits="1204" branch="false"/>
								<line number="65" hits="1204" branch="false"/>
								<line number="66" hits="1204" branch="false"/>
								<line number="67" hits="1204" branch="false"/>
								<line number="68" hits="1204" branch="false"/>
								<line number="70" hits="1204" branch="false"/>
								<line number="71" hits="1204" branch="false"/>
								<line number="72" hits="1204" branch="false"/>
								<line number="73" hits="1204" branch="false"/>
								<line number="74" hits="1204" branch="false"/>
								<line number="75" hits="1204" branch="false"/>
								<line number="76" hits="1204" branch="false"/>
								<line number="77" hits="1204" branch="false"/>
								<line number="78" hits="1204" branch="false"/>
								<line number="79" hits="1204" branch="false"/>
								<line number="81" hits="1204" branch="false"/>
								<line number="82" hits="1204" branch="false"/>
								<line number="83" hits="1204" branch="false"/>
								<line number="84" hits="1204" branch="false"/>
								<line number="85" hits="1204" branch="false"/>
								<line number="90" hits="1204" branch="false"/>
								<line number="91" hits="1204" branch="false"/>
								<line number="92" hits="1204" branch="false"/>
								<line number="93" hits="1204" branch="false"/>
								<line number="94" hits="1204" branch="false"/>
								<line number="95" hits="1204" branch="false"/>
								<line number="96" hits="1204" branch="false"/>
								<line number="97" hits="1204" branch="false"/>
								<line number="98" hits="1204" branch="false"/>
								<line number="100" hits="1204" branch="false"/>
								<line number="101" hits="1204" branch="false"/>
								<line number="102" hits="1204" branch="false"/>
								<line number="107" hits="1204" branch="false"/>
								<line number="108" hits="1204" branch="false"/>
								<line number="109" hits="1204" branch="false"/>
								<line number="110" hits="1204" branch="false"/>
								<line number="111" hits="1204" branch="false"/>
								<line number="112" hits="1204" branch="false"/>
								<line number="113" hits="1204" branch="false"/>
								<line number="114" hits="1204" branch="false"/>
								<line number="115" hits="1204" branch="false"/>
								<line number="117" hits="1204" branch="false"/>
								<line number="118" hits="1204" branch="false"/>
								<line number="123" hits="1204" branch="false"/>
								<line number="124" hits="1204" branch="false"/>
								<line number="125" hits="1204" branch="false"/>
								<line number="126" hits="1204" branch="false"/>
								<line number="127" hits="1204" branch="false"/>
								<line number="128" hits="1204" branch="false"/>
								<line number="129" hits="1204" branch="false"/>
								<line number="130" hits="1204" branch="false"/>
								<line number="131" hits="1204" branch="false"/>
								<line number="133" hits="1204" branch="false"/>
								<line number="134" hits="1204" branch="false"/>
								<line number="135" hits="1204" branch="false"/>
								<line number="136" hits="1204" branch="false"/>
								<line number="137" hits="1204" branch="false"/>
								<line number="138" hits="1204" branch="false"/>
								<line number="139" hits="1204" branch="false"/>
								<line number="140" hits="1204" branch="false"/>
								<line number="141" hits="1204" branch="false"/>
								<line number="143" hits="1204" branch="false"/>
								<line number="144" hits="1204" branch="false"/>
							</lines>
						</method>
						<method name="main" signature="([Ljava/lang/String;)V" line-rate="0.0" branch-rate="1.0" complexity="0">
							<lines>
								<line number="201" hits="0" branch="false"/>
								<line number="207" hits="0" branch="false"/>
							</lines>
						</method>
						<method name="scanIDButtonActionPerformed" signature="(Ljava/awt/event/ActionEvent;)V" line-rate="1.0" branch-rate="1.0" complexity="0">
							<lines>
								<line number="153" hits="232" branch="false"/>
								<line number="154" hits="232" branch="false"/>
								<line number="155" hits="232" branch="false"/>
								<line number="156" hits="232" branch="false"/>
							</lines>
						</method>
						<method name="textFieldIDActionPerformed" signature="(Ljava/awt/event/ActionEvent;)V" line-rate="0.0" branch-rate="1.0" complexity="0">
							<lines>
								<line number="149" hits="0" branch="false"/>
							</lines>
						</method>
					</methods>
					<lines>
						<line number="19" hits="436" branch="false"/>
						<line number="24" hits="1204" branch="false"/>
						<line number="25" hits="1204" branch="false"/>
						<line number="26" hits="1204" branch="false"/>
						<line number="29" hits="1204" branch="false"/>
						<line number="30" hits="1204" branch="false"/>
						<line number="31" hits="1204" branch="false"/>
						<line number="44" hits="1204" branch="false"/>
						<line number="45" hits="1204" branch="false"/>
						<line number="46" hits="1204" branch="false"/>
						<line number="47" hits="1204" branch="false"/>
						<line number="48" hits="1204" branch="false"/>
						<line number="49" hits="1204" branch="false"/>
						<line number="51" hits="1204" branch="false"/>
						<line number="52" hits="1204" branch="false"/>
						<line number="54" hits="1204" branch="false"/>
						<line number="55" hits="1204" branch="false"/>
						<line number="56" hits="1204" branch="false"/>
						<line number="61" hits="1204" branch="false"/>
						<line number="62" hits="1204" branch="false"/>
						<line number="63" hits="1204" branch="false"/>
						<line number="64" hits="1204" branch="false"/>
						<line number="65" hits="1204" branch="false"/>
						<line number="66" hits="1204" branch="false"/>
						<line number="67" hits="1204" branch="false"/>
						<line number="68" hits="1204" branch="false"/>
						<line number="70" hits="1204" branch="false"/>
						<line number="71" hits="1204" branch="false"/>
						<line number="72" hits="1204" branch="false"/>
						<line number="73" hits="1204" branch="false"/>
						<line number="74" hits="1204" branch="false"/>
						<line number="75" hits="1204" branch="false"/>
						<line number="76" hits="1204" branch="false"/>
						<line number="77" hits="1204" branch="false"/>
						<line number="78" hits="1204" branch="false"/>
						<line number="79" hits="1204" branch="false"/>
						<line number="81" hits="1204" branch="false"/>
						<line number="82" hits="1204" branch="false"/>
						<line number="83" hits="1204" branch="false"/>
						<line number="84" hits="1204" branch="false"/>
						<line number="85" hits="1204" branch="false"/>
						<line number="90" hits="1204" branch="false"/>
						<line number="91" hits="1204" branch="false"/>
						<line number="92" hits="1204" branch="false"/>
						<line number="93" hits="1204" branch="false"/>
						<line number="94" hits="1204" branch="false"/>
						<line number="95" hits="1204" branch="false"/>
						<line number="96" hits="1204" branch="false"/>
						<line number="97" hits="1204" branch="false"/>
						<line number="98" hits="1204" branch="false"/>
						<line number="100" hits="1204" branch="false"/>
						<line number="101" hits="1204" branch="false"/>
						<line number="102" hits="1204" branch="false"/>
						<line number="107" hits="1204" branch="false"/>
						<line number="108" hits="1204" branch="false"/>
						<line number="109" hits="1204" branch="false"/>
						<line number="110" hits="1204" branch="false"/>
						<line number="111" hits="1204" branch="false"/>
						<line number="112" hits="1204" branch="false"/>
						<line number="113" hits="1204" branch="false"/>
						<line number="114" hits="1204" branch="false"/>
						<line number="115" hits="1204" branch="false"/>
						<line number="117" hits="1204" branch="false"/>
						<line number="118" hits="1204" branch="false"/>
						<line number="123" hits="1204" branch="false"/>
						<line number="124" hits="1204" branch="false"/>
						<line number="125" hits="1204" branch="false"/>
						<line number="126" hits="1204" branch="false"/>
						<line number="127" hits="1204" branch="false"/>
						<line number="128" hits="1204" branch="false"/>
						<line number="129" hits="1204" branch="false"/>
						<line number="130" hits="1204" branch="false"/>
						<line number="131" hits="1204" branch="false"/>
						<line number="133" hits="1204" branch="false"/>
						<line number="134" hits="1204" branch="false"/>
						<line number="135" hits="1204" branch="false"/>
						<line number="136" hits="1204" branch="false"/>
						<line number="137" hits="1204" branch="false"/>
						<line number="138" hits="1204" branch="false"/>
						<line number="139" hits="1204" branch="false"/>
						<line number="140" hits="1204" branch="false"/>
						<line number="141" hits="1204" branch="false"/>
						<line number="143" hits="1204" branch="false"/>
						<line number="144" hits="1204" branch="false"/>
						<line number="149" hits="0" branch="false"/>
						<line number="153" hits="232" branch="false"/>
						<line number="154" hits="232" branch="false"/>
						<line number="155" hits="232" branch="false"/>
						<line number="156" hits="232" branch="false"/>
						<line number="160" hits="132" branch="false"/>
						<line number="161" hits="132" branch="false"/>
						<line number="162" hits="132" branch="false"/>
						<line number="166" hits="72" branch="false"/>
						<line number="167" hits="72" branch="false"/>
						<line number="168" hits="72" branch="false"/>
						<line number="176" hits="452" branch="false"/>
						<line number="177" hits="452" branch="false"/>
						<line number="186" hits="452" branch="false"/>
						<line number="191" hits="116400" branch="true" condition-coverage="100% (2/2)">
							<conditions>
								<condition number="0" type="jump" coverage="100%"/>
							</conditions>
						</line>
						<line number="192" hits="436" branch="false"/>
						<line number="194" hits="116400" branch="false"/>
						<line number="201" hits="0" branch="false"/>
						<line number="207" hits="0" branch="false"/>
					</lines>
				</class>
				<class name="client.maindisplay.WelcomeDisplay$1" filename="client/maindisplay/WelcomeDisplay.java" line-rate="1.0" branch-rate="1.0" complexity="0.0">
					<methods>
						<method name="&lt;init&gt;" signature="(Lclient/maindisplay/WelcomeDisplay;)V" line-rate="1.0" branch-rate="1.0" complexity="0">
							<lines>
								<line number="56" hits="1204" branch="false"/>
							</lines>
						</method>
						<method name="actionPerformed" signature="(Ljava/awt/event/ActionEvent;)V" line-rate="1.0" branch-rate="1.0" complexity="0">
							<lines>
								<line number="58" hits="232" branch="false"/>
								<line number="59" hits="232" branch="false"/>
							</lines>
						</method>
					</methods>
					<lines>
						<line number="56" hits="1204" branch="false"/>
						<line number="58" hits="232" branch="false"/>
						<line number="59" hits="232" branch="false"/>
					</lines>
				</class>
				<class name="client.maindisplay.WelcomeDisplay$2" filename="client/maindisplay/WelcomeDisplay.java" line-rate="1.0" branch-rate="1.0" complexity="0.0">
					<methods>
						<method name="&lt;init&gt;" signature="(Lclient/maindisplay/WelcomeDisplay;)V" line-rate="1.0" branch-rate="1.0" complexity="0">
							<lines>
								<line number="85" hits="1204" branch="false"/>
							</lines>
						</method>
						<method name="actionPerformed" signature="(Ljava/awt/event/ActionEvent;)V" line-rate="1.0" branch-rate="1.0" complexity="0">
							<lines>
								<line number="87" hits="72" branch="false"/>
								<line number="88" hits="72" branch="false"/>
							</lines>
						</method>
					</methods>
					<lines>
						<line number="85" hits="1204" branch="false"/>
						<line number="87" hits="72" branch="false"/>
						<line number="88" hits="72" branch="false"/>
					</lines>
				</class>
				<class name="client.maindisplay.WelcomeDisplay$3" filename="client/maindisplay/WelcomeDisplay.java" line-rate="1.0" branch-rate="1.0" complexity="0.0">
					<methods>
						<method name="&lt;init&gt;" signature="(Lclient/maindisplay/WelcomeDisplay;)V" line-rate="1.0" branch-rate="1.0" complexity="0">
							<lines>
								<line number="102" hits="1204" branch="false"/>
							</lines>
						</method>
						<method name="actionPerformed" signature="(Ljava/awt/event/ActionEvent;)V" line-rate="1.0" branch-rate="1.0" complexity="0">
							<lines>
								<line number="104" hits="132" branch="false"/>
								<line number="105" hits="132" branch="false"/>
							</lines>
						</method>
					</methods>
					<lines>
						<line number="102" hits="1204" branch="false"/>
						<line number="104" hits="132" branch="false"/>
						<line number="105" hits="132" branch="false"/>
					</lines>
				</class>
				<class name="client.maindisplay.WelcomeDisplay$4" filename="client/maindisplay/WelcomeDisplay.java" line-rate="0.3333333333333333" branch-rate="1.0" complexity="0.0">
					<methods>
						<method name="&lt;init&gt;" signature="(Lclient/maindisplay/WelcomeDisplay;)V" line-rate="1.0" branch-rate="1.0" complexity="0">
							<lines>
								<line number="118" hits="1204" branch="false"/>
							</lines>
						</method>
						<method name="actionPerformed" signature="(Ljava/awt/event/ActionEvent;)V" line-rate="0.0" branch-rate="1.0" complexity="0">
							<lines>
								<line number="120" hits="0" branch="false"/>
								<line number="121" hits="0" branch="false"/>
							</lines>
						</method>
					</methods>
					<lines>
						<line number="118" hits="1204" branch="false"/>
						<line number="120" hits="0" branch="false"/>
						<line number="121" hits="0" branch="false"/>
					</lines>
				</class>
				<class name="client.maindisplay.WelcomeDisplay$5" filename="client/maindisplay/WelcomeDisplay.java" line-rate="0.0" branch-rate="1.0" complexity="0.0">
					<methods>
						<method name="&lt;init&gt;" signature="()V" line-rate="0.0" branch-rate="1.0" complexity="0">
							<lines>
								<line number="201" hits="0" branch="false"/>
							</lines>
						</method>
						<method name="run" signature="()V" line-rate="0.0" branch-rate="1.0" complexity="0">
							<lines>
								<line number="204" hits="0" branch="false"/>
								<line number="205" hits="0" branch="false"/>
							</lines>
						</method>
					</methods>
					<lines>
						<line number="201" hits="0" branch="false"/>
						<line number="204" hits="0" branch="false"/>
						<line number="205" hits="0" branch="false"/>
					</lines>
				</class>
			</classes>
		</package>
		<package name="client.parkingdisplay" line-rate="0.7938931297709924" branch-rate="0.5625" complexity="0.0">
			<classes>
				<class name="client.parkingdisplay.PantherLotSpot" filename="client/parkingdisplay/PantherLotSpot.java" line-rate="0.3125" branch-rate="0.25" complexity="0.0">
					<methods>
						<method name="&lt;init&gt;" signature="()V" line-rate="0.0" branch-rate="1.0" complexity="0">
							<lines>
								<line number="12" hits="0" branch="false"/>
							</lines>
						</method>
						<method name="main" signature="([Ljava/lang/String;)V" line-rate="0.3333333333333333" branch-rate="0.25" complexity="0">
							<lines>
								<line number="19" hits="6" branch="false"/>
								<line number="21" hits="6" branch="true" condition-coverage="50% (1/2)">
									<conditions>
										<condition number="0" type="jump" coverage="50%"/>
									</conditions>
								</line>
								<line number="26" hits="0" branch="false"/>
								<line number="27" hits="0" branch="false"/>
								<line number="28" hits="0" branch="true" condition-coverage="0% (0/2)">
									<conditions>
										<condition number="0" type="jump" coverage="0%"/>
									</conditions>
								</line>
								<line number="30" hits="0" branch="false"/>
								<line number="31" hits="0" branch="false"/>
								<line number="33" hits="0" branch="false"/>
								<line number="34" hits="0" branch="false"/>
								<line number="37" hits="0" branch="false"/>
								<line number="39" hits="0" branch="false"/>
								<line number="41" hits="0" branch="false"/>
								<line number="44" hits="3" branch="false"/>
								<line number="45" hits="3" branch="false"/>
								<line number="49" hits="3" branch="false"/>
							</lines>
						</method>
					</methods>
					<lines>
						<line number="12" hits="0" branch="false"/>
						<line number="19" hits="6" branch="false"/>
						<line number="21" hits="6" branch="true" condition-coverage="50% (1/2)">
							<conditions>
								<condition number="0" type="jump" coverage="50%"/>
							</conditions>
						</line>
						<line number="26" hits="0" branch="false"/>
						<line number="27" hits="0" branch="false"/>
						<line number="28" hits="0" branch="true" condition-coverage="0% (0/2)">
							<conditions>
								<condition number="0" type="jump" coverage="0%"/>
							</conditions>
						</line>
						<line number="30" hits="0" branch="false"/>
						<line number="31" hits="0" branch="false"/>
						<line number="33" hits="0" branch="false"/>
						<line number="34" hits="0" branch="false"/>
						<line number="37" hits="0" branch="false"/>
						<line number="39" hits="0" branch="false"/>
						<line number="41" hits="0" branch="false"/>
						<line number="44" hits="3" branch="false"/>
						<line number="45" hits="3" branch="false"/>
						<line number="49" hits="3" branch="false"/>
					</lines>
				</class>
				<class name="client.parkingdisplay.SpotDisplay" filename="client/parkingdisplay/SpotDisplay.java" line-rate="0.6551724137931034" branch-rate="0.375" complexity="0.0">
					<methods>
						<method name="&lt;init&gt;" signature="(Ljava/lang/String;ILjava/lang/String;)V" line-rate="1.0" branch-rate="1.0" complexity="0">
							<lines>
								<line number="49" hits="3" branch="false"/>
								<line number="51" hits="3" branch="false"/>
								<line number="52" hits="3" branch="false"/>
								<line number="53" hits="3" branch="false"/>
								<line number="54" hits="3" branch="false"/>
								<line number="55" hits="3" branch="false"/>
							</lines>
						</method>
						<method name="access$0" signature="(Lclient/parkingdisplay/SpotDisplay;Lclient/parkingdisplay/SpotDisplayFrame;)V" line-rate="1.0" branch-rate="1.0" complexity="0">
							<lines>
							</lines>
						</method>
						<method name="access$1" signature="(Lclient/parkingdisplay/SpotDisplay;Lclient/parkingdisplay/SpotTakenFrame;)V" line-rate="1.0" branch-rate="1.0" complexity="0">
							<lines>
							</lines>
						</method>
						<method name="access$10" signature="(Lclient/parkingdisplay/SpotDisplay;)Ljava/io/PrintWriter;" line-rate="1.0" branch-rate="1.0" complexity="0">
							<lines>
								<line number="36" hits="3" branch="false"/>
							</lines>
						</method>
						<method name="access$2" signature="(Lclient/parkingdisplay/SpotDisplay;)Lclient/parkingdisplay/SpotDisplayFrame;" line-rate="1.0" branch-rate="1.0" complexity="0">
							<lines>
								<line number="37" hits="309" branch="false"/>
							</lines>
						</method>
						<method name="access$3" signature="(Lclient/parkingdisplay/SpotDisplay;)Ljava/lang/String;" line-rate="1.0" branch-rate="1.0" complexity="0">
							<lines>
							</lines>
						</method>
						<method name="access$4" signature="(Lclient/parkingdisplay/SpotDisplay;)Z" line-rate="1.0" branch-rate="1.0" complexity="0">
							<lines>
							</lines>
						</method>
						<method name="access$5" signature="(Lclient/parkingdisplay/SpotDisplay;)Ljava/lang/String;" line-rate="1.0" branch-rate="1.0" complexity="0">
							<lines>
								<line number="31" hits="27" branch="false"/>
							</lines>
						</method>
						<method name="access$6" signature="(Lclient/parkingdisplay/SpotDisplay;)Lclient/parkingdisplay/SpotTakenFrame;" line-rate="1.0" branch-rate="1.0" complexity="0">
							<lines>
								<line number="38" hits="45" branch="false"/>
							</lines>
						</method>
						<method name="access$7" signature="(Lclient/parkingdisplay/SpotDisplay;)Ljava/net/Socket;" line-rate="1.0" branch-rate="1.0" complexity="0">
							<lines>
								<line number="30" hits="12" branch="false"/>
							</lines>
						</method>
						<method name="access$8" signature="(Lclient/parkingdisplay/SpotDisplay;)Ljava/lang/String;" line-rate="1.0" branch-rate="1.0" complexity="0">
							<lines>
								<line number="26" hits="9" branch="false"/>
							</lines>
						</method>
						<method name="access$9" signature="(Lclient/parkingdisplay/SpotDisplay;Z)V" line-rate="1.0" branch-rate="1.0" complexity="0">
							<lines>
								<line number="27" hits="12" branch="false"/>
							</lines>
						</method>
						<method name="anotherDisplay" signature="()V" line-rate="0.0" branch-rate="1.0" complexity="0">
							<lines>
								<line number="139" hits="0" branch="false"/>
								<line number="140" hits="0" branch="false"/>
								<line number="141" hits="0" branch="false"/>
								<line number="142" hits="0" branch="false"/>
							</lines>
						</method>
						<method name="reserveSpot" signature="(Ljava/lang/String;)V" line-rate="1.0" branch-rate="1.0" complexity="0">
							<lines>
								<line number="128" hits="3" branch="false"/>
								<line number="130" hits="3" branch="false"/>
							</lines>
						</method>
						<method name="run" signature="()V" line-rate="0.5555555555555556" branch-rate="0.375" complexity="0">
							<lines>
								<line number="60" hits="3" branch="false"/>
								<line number="63" hits="3" branch="false"/>
								<line number="65" hits="3" branch="false"/>
								<line number="66" hits="3" branch="false"/>
								<line number="68" hits="3" branch="false"/>
								<line number="69" hits="3" branch="false"/>
								<line number="72" hits="3" branch="false"/>
								<line number="73" hits="3" branch="false"/>
								<line number="75" hits="3" branch="false"/>
								<line number="76" hits="3" branch="true" condition-coverage="50% (1/2)">
									<conditions>
										<condition number="0" type="jump" coverage="50%"/>
									</conditions>
								</line>
								<line number="78" hits="0" branch="false"/>
								<line number="79" hits="0" branch="false"/>
								<line number="82" hits="3" branch="false"/>
								<line number="83" hits="3" branch="false"/>
								<line number="85" hits="3" branch="false"/>
								<line number="87" hits="9" branch="true" condition-coverage="50% (1/2)">
									<conditions>
										<condition number="0" type="jump" coverage="50%"/>
									</conditions>
								</line>
								<line number="89" hits="3" branch="false"/>
								<line number="90" hits="3" branch="true" condition-coverage="50% (1/2)">
									<conditions>
										<condition number="0" type="jump" coverage="50%"/>
									</conditions>
								</line>
								<line number="92" hits="3" branch="false"/>
								<line number="93" hits="3" branch="false"/>
								<line number="94" hits="3" branch="false"/>
								<line number="95" hits="3" branch="false"/>
								<line number="99" hits="0" branch="false"/>
								<line number="100" hits="0" branch="false"/>
								<line number="102" hits="0" branch="false"/>
								<line number="103" hits="0" branch="false"/>
								<line number="104" hits="0" branch="false"/>
								<line number="107" hits="0" branch="false"/>
								<line number="108" hits="0" branch="false"/>
								<line number="112" hits="0" branch="true" condition-coverage="0% (0/2)">
									<conditions>
										<condition number="0" type="jump" coverage="0%"/>
									</conditions>
								</line>
								<line number="113" hits="0" branch="false"/>
								<line number="114" hits="0" branch="false"/>
								<line number="115" hits="0" branch="false"/>
								<line number="117" hits="0" branch="false"/>
								<line number="119" hits="0" branch="false"/>
								<line number="120" hits="0" branch="false"/>
							</lines>
						</method>
						<method name="runDisplays" signature="()V" line-rate="1.0" branch-rate="1.0" complexity="0">
							<lines>
								<line number="150" hits="3" branch="false"/>
								<line number="151" hits="3" branch="false"/>
								<line number="152" hits="3" branch="false"/>
							</lines>
						</method>
					</methods>
					<lines>
						<line number="26" hits="9" branch="false"/>
						<line number="27" hits="12" branch="false"/>
						<line number="30" hits="12" branch="false"/>
						<line number="31" hits="27" branch="false"/>
						<line number="36" hits="3" branch="false"/>
						<line number="37" hits="309" branch="false"/>
						<line number="38" hits="45" branch="false"/>
						<line number="49" hits="3" branch="false"/>
						<line number="51" hits="3" branch="false"/>
						<line number="52" hits="3" branch="false"/>
						<line number="53" hits="3" branch="false"/>
						<line number="54" hits="3" branch="false"/>
						<line number="55" hits="3" branch="false"/>
						<line number="60" hits="3" branch="false"/>
						<line number="63" hits="3" branch="false"/>
						<line number="65" hits="3" branch="false"/>
						<line number="66" hits="3" branch="false"/>
						<line number="68" hits="3" branch="false"/>
						<line number="69" hits="3" branch="false"/>
						<line number="72" hits="3" branch="false"/>
						<line number="73" hits="3" branch="false"/>
						<line number="75" hits="3" branch="false"/>
						<line number="76" hits="3" branch="true" condition-coverage="50% (1/2)">
							<conditions>
								<condition number="0" type="jump" coverage="50%"/>
							</conditions>
						</line>
						<line number="78" hits="0" branch="false"/>
						<line number="79" hits="0" branch="false"/>
						<line number="82" hits="3" branch="false"/>
						<line number="83" hits="3" branch="false"/>
						<line number="85" hits="3" branch="false"/>
						<line number="87" hits="9" branch="true" condition-coverage="50% (1/2)">
							<conditions>
								<condition number="0" type="jump" coverage="50%"/>
							</conditions>
						</line>
						<line number="89" hits="3" branch="false"/>
						<line number="90" hits="3" branch="true" condition-coverage="50% (1/2)">
							<conditions>
								<condition number="0" type="jump" coverage="50%"/>
							</conditions>
						</line>
						<line number="92" hits="3" branch="false"/>
						<line number="93" hits="3" branch="false"/>
						<line number="94" hits="3" branch="false"/>
						<line number="95" hits="3" branch="false"/>
						<line number="99" hits="0" branch="false"/>
						<line number="100" hits="0" branch="false"/>
						<line number="102" hits="0" branch="false"/>
						<line number="103" hits="0" branch="false"/>
						<line number="104" hits="0" branch="false"/>
						<line number="107" hits="0" branch="false"/>
						<line number="108" hits="0" branch="false"/>
						<line number="112" hits="0" branch="true" condition-coverage="0% (0/2)">
							<conditions>
								<condition number="0" type="jump" coverage="0%"/>
							</conditions>
						</line>
						<line number="113" hits="0" branch="false"/>
						<line number="114" hits="0" branch="false"/>
						<line number="115" hits="0" branch="false"/>
						<line number="117" hits="0" branch="false"/>
						<line number="119" hits="0" branch="false"/>
						<line number="120" hits="0" branch="false"/>
						<line number="128" hits="3" branch="false"/>
						<line number="130" hits="3" branch="false"/>
						<line number="139" hits="0" branch="false"/>
						<line number="140" hits="0" branch="false"/>
						<line number="141" hits="0" branch="false"/>
						<line number="142" hits="0" branch="false"/>
						<line number="150" hits="3" branch="false"/>
						<line number="151" hits="3" branch="false"/>
						<line number="152" hits="3" branch="false"/>
					</lines>
				</class>
				<class name="client.parkingdisplay.SpotDisplay$DisplayHandler" filename="client/parkingdisplay/SpotDisplay.java" line-rate="0.7450980392156863" branch-rate="0.625" complexity="0.0">
					<methods>
						<method name="&lt;init&gt;" signature="(Lclient/parkingdisplay/SpotDisplay;)V" line-rate="1.0" branch-rate="1.0" complexity="0">
							<lines>
							</lines>
						</method>
						<method name="&lt;init&gt;" signature="(Lclient/parkingdisplay/SpotDisplay;Lclient/parkingdisplay/SpotDisplay$DisplayHandler;)V" line-rate="1.0" branch-rate="1.0" complexity="0">
							<lines>
								<line number="156" hits="6" branch="false"/>
							</lines>
						</method>
						<method name="resetDisplays" signature="()V" line-rate="0.9166666666666666" branch-rate="0.5" complexity="0">
							<lines>
								<line number="161" hits="9" branch="false"/>
								<line number="162" hits="9" branch="false"/>
								<line number="163" hits="9" branch="false"/>
								<line number="164" hits="9" branch="false"/>
								<line number="165" hits="9" branch="false"/>
								<line number="166" hits="9" branch="true" condition-coverage="50% (1/2)">
									<conditions>
										<condition number="0" type="jump" coverage="50%"/>
									</conditions>
								</line>
								<line number="167" hits="9" branch="false"/>
								<line number="169" hits="0" branch="false"/>
								<line number="170" hits="9" branch="false"/>
								<line number="171" hits="18" branch="false"/>
								<line number="172" hits="9" branch="false"/>
								<line number="173" hits="9" branch="false"/>
							</lines>
						</method>
						<method name="run" signature="()V" line-rate="0.6842105263157895" branch-rate="0.6428571428571429" complexity="0">
							<lines>
								<line number="178" hits="3" branch="false"/>
								<line number="179" hits="3" branch="false"/>
								<line number="181" hits="3" branch="false"/>
								<line number="182" hits="3" branch="false"/>
								<line number="183" hits="3" branch="false"/>
								<line number="184" hits="9" branch="true" condition-coverage="50% (1/2)">
									<conditions>
										<condition number="0" type="jump" coverage="50%"/>
									</conditions>
								</line>
								<line number="186" hits="6" branch="false"/>
								<line number="187" hits="6" branch="false"/>
								<line number="188" hits="6" branch="false"/>
								<line number="189" hits="243" branch="true" condition-coverage="100% (2/2)">
									<conditions>
										<condition number="0" type="jump" coverage="100%"/>
									</conditions>
								</line>
								<line number="193" hits="234" branch="false"/>
								<line number="194" hits="231" branch="false"/>
								<line number="195" hits="0" branch="false"/>
								<line number="197" hits="0" branch="false"/>
								<line number="201" hits="3" branch="true" condition-coverage="50% (1/2)">
									<conditions>
										<condition number="0" type="jump" coverage="50%"/>
									</conditions>
								</line>
								<line number="203" hits="0" branch="false"/>
								<line number="204" hits="0" branch="false"/>
								<line number="205" hits="0" branch="false"/>
								<line number="206" hits="0" branch="false"/>
								<line number="207" hits="3" branch="true" condition-coverage="50% (1/2)">
									<conditions>
										<condition number="0" type="jump" coverage="50%"/>
									</conditions>
								</line>
								<line number="208" hits="3" branch="true" condition-coverage="50% (1/2)">
									<conditions>
										<condition number="0" type="jump" coverage="50%"/>
									</conditions>
								</line>
								<line number="210" hits="3" branch="false"/>
								<line number="211" hits="3" branch="false"/>
								<line number="212" hits="3" branch="false"/>
								<line number="213" hits="3" branch="false"/>
								<line number="216" hits="0" branch="false"/>
								<line number="217" hits="0" branch="false"/>
								<line number="218" hits="0" branch="false"/>
								<line number="221" hits="3" branch="false"/>
								<line number="222" hits="3" branch="false"/>
								<line number="223" hits="3" branch="false"/>
								<line number="224" hits="12" branch="true" condition-coverage="75% (3/4)">
									<conditions>
										<condition number="0" type="jump" coverage="100%"/>
										<condition number="1" type="jump" coverage="50%"/>
									</conditions>
								</line>
								<line number="228" hits="6" branch="false"/>
								<line number="229" hits="6" branch="false"/>
								<line number="230" hits="0" branch="false"/>
								<line number="232" hits="0" branch="false"/>
								<line number="236" hits="3" branch="false"/>
								<line number="239" hits="0" branch="false"/>
							</lines>
						</method>
					</methods>
					<lines>
						<line number="156" hits="6" branch="false"/>
						<line number="161" hits="9" branch="false"/>
						<line number="162" hits="9" branch="false"/>
						<line number="163" hits="9" branch="false"/>
						<line number="164" hits="9" branch="false"/>
						<line number="165" hits="9" branch="false"/>
						<line number="166" hits="9" branch="true" condition-coverage="50% (1/2)">
							<conditions>
								<condition number="0" type="jump" coverage="50%"/>
							</conditions>
						</line>
						<line number="167" hits="9" branch="false"/>
						<line number="169" hits="0" branch="false"/>
						<line number="170" hits="9" branch="false"/>
						<line number="171" hits="18" branch="false"/>
						<line number="172" hits="9" branch="false"/>
						<line number="173" hits="9" branch="false"/>
						<line number="178" hits="3" branch="false"/>
						<line number="179" hits="3" branch="false"/>
						<line number="181" hits="3" branch="false"/>
						<line number="182" hits="3" branch="false"/>
						<line number="183" hits="3" branch="false"/>
						<line number="184" hits="9" branch="true" condition-coverage="50% (1/2)">
							<conditions>
								<condition number="0" type="jump" coverage="50%"/>
							</conditions>
						</line>
						<line number="186" hits="6" branch="false"/>
						<line number="187" hits="6" branch="false"/>
						<line number="188" hits="6" branch="false"/>
						<line number="189" hits="243" branch="true" condition-coverage="100% (2/2)">
							<conditions>
								<condition number="0" type="jump" coverage="100%"/>
							</conditions>
						</line>
						<line number="193" hits="234" branch="false"/>
						<line number="194" hits="231" branch="false"/>
						<line number="195" hits="0" branch="false"/>
						<line number="197" hits="0" branch="false"/>
						<line number="201" hits="3" branch="true" condition-coverage="50% (1/2)">
							<conditions>
								<condition number="0" type="jump" coverage="50%"/>
							</conditions>
						</line>
						<line number="203" hits="0" branch="false"/>
						<line number="204" hits="0" branch="false"/>
						<line number="205" hits="0" branch="false"/>
						<line number="206" hits="0" branch="false"/>
						<line number="207" hits="3" branch="true" condition-coverage="50% (1/2)">
							<conditions>
								<condition number="0" type="jump" coverage="50%"/>
							</conditions>
						</line>
						<line number="208" hits="3" branch="true" condition-coverage="50% (1/2)">
							<conditions>
								<condition number="0" type="jump" coverage="50%"/>
							</conditions>
						</line>
						<line number="210" hits="3" branch="false"/>
						<line number="211" hits="3" branch="false"/>
						<line number="212" hits="3" branch="false"/>
						<line number="213" hits="3" branch="false"/>
						<line number="216" hits="0" branch="false"/>
						<line number="217" hits="0" branch="false"/>
						<line number="218" hits="0" branch="false"/>
						<line number="221" hits="3" branch="false"/>
						<line number="222" hits="3" branch="false"/>
						<line number="223" hits="3" branch="false"/>
						<line number="224" hits="12" branch="true" condition-coverage="75% (3/4)">
							<conditions>
								<condition number="0" type="jump" coverage="100%"/>
								<condition number="1" type="jump" coverage="50%"/>
							</conditions>
						</line>
						<line number="228" hits="6" branch="false"/>
						<line number="229" hits="6" branch="false"/>
						<line number="230" hits="0" branch="false"/>
						<line number="232" hits="0" branch="false"/>
						<line number="236" hits="3" branch="false"/>
						<line number="239" hits="0" branch="false"/>
					</lines>
				</class>
				<class name="client.parkingdisplay.SpotDisplayFrame" filename="client/parkingdisplay/SpotDisplayFrame.java" line-rate="0.9714285714285714" branch-rate="1.0" complexity="0.0">
					<methods>
						<method name="&lt;init&gt;" signature="()V" line-rate="1.0" branch-rate="1.0" complexity="0">
							<lines>
								<line number="19" hits="9" branch="false"/>
								<line number="20" hits="9" branch="false"/>
								<line number="22" hits="9" branch="false"/>
								<line number="23" hits="9" branch="false"/>
								<line number="24" hits="9" branch="false"/>
							</lines>
						</method>
						<method name="access$0" signature="(Lclient/parkingdisplay/SpotDisplayFrame;Ljava/awt/event/ActionEvent;)V" line-rate="1.0" branch-rate="1.0" complexity="0">
							<lines>
								<line number="119" hits="3" branch="false"/>
							</lines>
						</method>
						<method name="displayNext" signature="()Z" line-rate="1.0" branch-rate="1.0" complexity="0">
							<lines>
[...]
								<line number="76" hits="4800" branch="true" condition-coverage="100% (2/2)">
									<conditions>
										<condition number="0" type="jump" coverage="100%"/>
									</conditions>
								</line>
								<line number="77" hits="4400" branch="false"/>
								<line number="78" hits="400" branch="false"/>
								<line number="82" hits="0" branch="false"/>
								<line number="84" hits="0" branch="false"/>
								<line number="85" hits="400" branch="false"/>
								<line number="86" hits="400" branch="false"/>
								<line number="88" hits="400" branch="false"/>
							</lines>
						</method>
						<method name="processFile" signature="(Ljava/util/ArrayList;)V" line-rate="1.0" branch-rate="1.0" complexity="0">
							<lines>
								<line number="95" hits="400" branch="true" condition-coverage="100% (2/2)">
									<conditions>
										<condition number="0" type="jump" coverage="100%"/>
									</conditions>
								</line>
								<line number="97" hits="4400" branch="false"/>
								<line number="98" hits="4400" branch="false"/>
								<line number="99" hits="4400" branch="false"/>
								<line number="100" hits="4400" branch="false"/>
								<line number="101" hits="4400" branch="false"/>
								<line number="102" hits="4400" branch="false"/>
								<line number="103" hits="4400" branch="false"/>
								<line number="106" hits="4400" branch="true" condition-coverage="100% (2/2)">
									<conditions>
										<condition number="0" type="jump" coverage="100%"/>
									</conditions>
								</line>
								<line number="107" hits="2800" branch="false"/>
								<line number="111" hits="1600" branch="false"/>
								<line number="112" hits="1600" branch="false"/>
								<line number="113" hits="1600" branch="false"/>
								<line number="115" hits="4400" branch="false"/>
								<line number="117" hits="400" branch="false"/>
							</lines>
						</method>
						<method name="removeParkedUser" signature="(Lserver/storage/ParkingSpot;)V" line-rate="1.0" branch-rate="1.0" complexity="0">
							<lines>
								<line number="155" hits="92" branch="false"/>
								<line number="156" hits="92" branch="false"/>
							</lines>
						</method>
						<method name="searchBySpotNumber" signature="(Ljava/lang/String;)Lserver/storage/ParkingSpot;" line-rate="1.0" branch-rate="1.0" complexity="0">
							<lines>
								<line number="165" hits="432" branch="false"/>
								<line number="166" hits="432" branch="true" condition-coverage="100% (2/2)">
									<conditions>
										<condition number="0" type="jump" coverage="100%"/>
									</conditions>
								</line>
								<line number="167" hits="3456" branch="true" condition-coverage="100% (2/2)">
									<conditions>
										<condition number="0" type="jump" coverage="100%"/>
									</conditions>
								</line>
								<line number="168" hits="9504" branch="true" condition-coverage="100% (2/2)">
									<conditions>
										<condition number="0" type="jump" coverage="100%"/>
									</conditions>
								</line>
								<line number="169" hits="432" branch="false"/>
								<line number="170" hits="432" branch="false"/>
							</lines>
						</method>
						<method name="searchParkingSpot" signature="(Lserver/controller/ParkingUser;)Lserver/storage/ParkingSpot;" line-rate="1.0" branch-rate="1.0" complexity="0">
							<lines>
								<line number="126" hits="436" branch="false"/>
								<line number="127" hits="436" branch="false"/>
								<line number="128" hits="436" branch="true" condition-coverage="100% (2/2)">
									<conditions>
										<condition number="0" type="jump" coverage="100%"/>
									</conditions>
								</line>
								<line number="129" hits="824" branch="true" condition-coverage="100% (4/4)">
									<conditions>
										<condition number="0" type="jump" coverage="100%"/>
										<condition number="1" type="jump" coverage="100%"/>
									</conditions>
								</line>
								<line number="131" hits="392" branch="false"/>
								<line number="132" hits="392" branch="false"/>
								<line number="135" hits="436" branch="false"/>
							</lines>
						</method>
						<method name="toString" signature="()Ljava/lang/String;" line-rate="1.0" branch-rate="1.0" complexity="0">
							<lines>
								<line number="176" hits="6632" branch="false"/>
								<line number="177" hits="6632" branch="false"/>
								<line number="178" hits="6632" branch="true" condition-coverage="100% (2/2)">
									<conditions>
										<condition number="0" type="jump" coverage="100%"/>
									</conditions>
								</line>
								<line number="179" hits="53056" branch="true" condition-coverage="100% (2/2)">
									<conditions>
										<condition number="0" type="jump" coverage="100%"/>
									</conditions>
								</line>
								<line number="181" hits="72952" branch="false"/>
								<line number="182" hits="72952" branch="false"/>
								<line number="183" hits="72952" branch="false"/>
								<line number="185" hits="6632" branch="false"/>
							</lines>
						</method>
						<method name="values" signature="()Ljava/lang/Iterable;" line-rate="1.0" branch-rate="1.0" complexity="0">
							<lines>
								<line number="193" hits="400" branch="false"/>
							</lines>
						</method>
					</methods>
					<lines>
						<line number="17" hits="400" branch="false"/>
						<line number="18" hits="400" branch="false"/>
						<line number="20" hits="400" branch="false"/>
						<line number="27" hits="400" branch="false"/>
						<line number="28" hits="400" branch="false"/>
						<line number="29" hits="400" branch="false"/>
						<line number="31" hits="400" branch="false"/>
						<line number="41" hits="800" branch="true" condition-coverage="100% (2/2)">
							<conditions>
								<condition number="0" type="jump" coverage="100%"/>
							</conditions>
						</line>
						<line number="42" hits="400" branch="false"/>
						<line number="43" hits="800" branch="false"/>
						<line number="52" hits="6232" branch="false"/>
						<line number="53" hits="6232" branch="false"/>
						<line number="61" hits="400" branch="false"/>
						<line number="71" hits="400" branch="false"/>
						<line number="75" hits="400" branch="false"/>
						<line number="76" hits="4800" branch="true" condition-coverage="100% (2/2)">
							<conditions>
								<condition number="0" type="jump" coverage="100%"/>
							</conditions>
						</line>
						<line number="77" hits="4400" branch="false"/>
						<line number="78" hits="400" branch="false"/>
						<line number="82" hits="0" branch="false"/>
						<line number="84" hits="0" branch="false"/>
						<line number="85" hits="400" branch="false"/>
						<line number="86" hits="400" branch="false"/>
						<line number="88" hits="400" branch="false"/>
						<line number="95" hits="400" branch="true" condition-coverage="100% (2/2)">
							<conditions>
								<condition number="0" type="jump" coverage="100%"/>
							</conditions>
						</line>
						<line number="97" hits="4400" branch="false"/>
						<line number="98" hits="4400" branch="false"/>
						<line number="99" hits="4400" branch="false"/>
						<line number="100" hits="4400" branch="false"/>
						<line number="101" hits="4400" branch="false"/>
						<line number="102" hits="4400" branch="false"/>
						<line number="103" hits="4400" branch="false"/>
						<line number="106" hits="4400" branch="true" condition-coverage="100% (2/2)">
							<conditions>
								<condition number="0" type="jump" coverage="100%"/>
							</conditions>
						</line>
						<line number="107" hits="2800" branch="false"/>
						<line number="111" hits="1600" branch="false"/>
						<line number="112" hits="1600" branch="false"/>
						<line number="113" hits="1600" branch="false"/>
						<line number="115" hits="4400" branch="false"/>
						<line number="117" hits="400" branch="false"/>
						<line number="126" hits="436" branch="false"/>
						<line number="127" hits="436" branch="false"/>
						<line number="128" hits="436" branch="true" condition-coverage="100% (2/2)">
							<conditions>
								<condition number="0" type="jump" coverage="100%"/>
							</conditions>
						</line>
						<line number="129" hits="824" branch="true" condition-coverage="100% (4/4)">
							<conditions>
								<condition number="0" type="jump" coverage="100%"/>
								<condition number="1" type="jump" coverage="100%"/>
							</conditions>
						</line>
						<line number="131" hits="392" branch="false"/>
						<line number="132" hits="392" branch="false"/>
						<line number="135" hits="436" branch="false"/>
						<line number="145" hits="372" branch="false"/>
						<line number="146" hits="372" branch="false"/>
						<line number="155" hits="92" branch="false"/>
						<line number="156" hits="92" branch="false"/>
						<line number="165" hits="432" branch="false"/>
						<line number="166" hits="432" branch="true" condition-coverage="100% (2/2)">
							<conditions>
								<condition number="0" type="jump" coverage="100%"/>
							</conditions>
						</line>
						<line number="167" hits="3456" branch="true" condition-coverage="100% (2/2)">
							<conditions>
								<condition number="0" type="jump" coverage="100%"/>
							</conditions>
						</line>
						<line number="168" hits="9504" branch="true" condition-coverage="100% (2/2)">
							<conditions>
								<condition number="0" type="jump" coverage="100%"/>
							</conditions>
						</line>
						<line number="169" hits="432" branch="false"/>
						<line number="170" hits="432" branch="false"/>
						<line number="176" hits="6632" branch="false"/>
						<line number="177" hits="6632" branch="false"/>
						<line number="178" hits="6632" branch="true" condition-coverage="100% (2/2)">
							<conditions>
								<condition number="0" type="jump" coverage="100%"/>
							</conditions>
						</line>
						<line number="179" hits="53056" branch="true" condition-coverage="100% (2/2)">
							<conditions>
								<condition number="0" type="jump" coverage="100%"/>
							</conditions>
						</line>
						<line number="181" hits="72952" branch="false"/>
						<line number="182" hits="72952" branch="false"/>
						<line number="183" hits="72952" branch="false"/>
						<line number="185" hits="6632" branch="false"/>
						<line number="193" hits="400" branch="false"/>
					</lines>
				</class>
				<class name="server.storage.ParkingSpot" filename="server/storage/ParkingSpot.java" line-rate="1.0" branch-rate="1.0" complexity="0.0">
					<methods>
						<method name="&lt;init&gt;" signature="(ILjava/lang/String;ILjava/lang/String;Ljava/lang/String;)V" line-rate="1.0" branch-rate="1.0" complexity="0">
							<lines>
								<line number="49" hits="4400" branch="false"/>
								<line number="50" hits="4400" branch="false"/>
								<line number="51" hits="4400" branch="false"/>
								<line number="52" hits="4400" branch="false"/>
								<line number="54" hits="4400" branch="false"/>
								<line number="55" hits="4400" branch="false"/>
								<line number="57" hits="4400" branch="false"/>
								<line number="58" hits="4400" branch="false"/>
								<line number="60" hits="4400" branch="false"/>
							</lines>
						</method>
						<method name="assignParkingSpot" signature="(Lserver/controller/ParkingUser;)V" line-rate="1.0" branch-rate="1.0" complexity="0">
							<lines>
								<line number="69" hits="396" branch="false"/>
								<line number="70" hits="396" branch="false"/>
							</lines>
						</method>
						<method name="compareTo" signature="(Ljava/lang/Object;)I" line-rate="1.0" branch-rate="1.0" complexity="0">
							<lines>
								<line number="169" hits="5600" branch="false"/>
							</lines>
						</method>
						<method name="format" signature="(Ljava/lang/String;I)Ljava/lang/String;" line-rate="1.0" branch-rate="1.0" complexity="0">
							<lines>
								<line number="205" hits="730400" branch="false"/>
								<line number="206" hits="730400" branch="false"/>
								<line number="207" hits="1899040" branch="true" condition-coverage="100% (2/2)">
									<conditions>
										<condition number="0" type="jump" coverage="100%"/>
									</conditions>
								</line>
								<line number="208" hits="1168640" branch="false"/>
								<line number="209" hits="730400" branch="false"/>
							</lines>
						</method>
						<method name="getDirections" signature="()Ljava/lang/String;" line-rate="1.0" branch-rate="1.0" complexity="0">
							<lines>
								<line number="145" hits="360" branch="false"/>
							</lines>
						</method>
						<method name="getFloor" signature="()I" line-rate="1.0" branch-rate="1.0" complexity="0">
							<lines>
								<line number="116" hits="360" branch="false"/>
							</lines>
						</method>
						<method name="getParkingNumber" signature="()Ljava/lang/String;" line-rate="1.0" branch-rate="1.0" complexity="0">
							<lines>
								<line number="107" hits="10660" branch="false"/>
							</lines>
						</method>
						<method name="getParkingSpot" signature="()I" line-rate="1.0" branch-rate="1.0" complexity="0">
							<lines>
								<line number="98" hits="5600" branch="false"/>
							</lines>
						</method>
						<method name="getParkingType" signature="()Ljava/lang/String;" line-rate="1.0" branch-rate="1.0" complexity="0">
							<lines>
								<line number="218" hits="432" branch="false"/>
							</lines>
						</method>
						<method name="getPrintWriter" signature="()Ljava/io/PrintWriter;" line-rate="1.0" branch-rate="1.0" complexity="0">
							<lines>
								<line number="125" hits="4400" branch="false"/>
							</lines>
						</method>
						<method name="getUser" signature="()Lserver/controller/ParkingUser;" line-rate="1.0" branch-rate="1.0" complexity="0">
							<lines>
								<line number="88" hits="360" branch="false"/>
							</lines>
						</method>
						<method name="isAvailable" signature="()Z" line-rate="1.0" branch-rate="1.0" complexity="0">
							<lines>
								<line number="163" hits="146720" branch="true" condition-coverage="100% (2/2)">
									<conditions>
										<condition number="0" type="jump" coverage="100%"/>
									</conditions>
								</line>
							</lines>
						</method>
						<method name="isConnected" signature="()Z" line-rate="1.0" branch-rate="1.0" complexity="0">
							<lines>
								<line number="153" hits="146588" branch="true" condition-coverage="100% (2/2)">
									<conditions>
										<condition number="0" type="jump" coverage="100%"/>
									</conditions>
								</line>
							</lines>
						</method>
						<method name="removeAssignedUser" signature="()V" line-rate="1.0" branch-rate="1.0" complexity="0">
							<lines>
								<line number="78" hits="184" branch="false"/>
								<line number="79" hits="184" branch="false"/>
							</lines>
						</method>
						<method name="setPrintWriter" signature="(Ljava/io/PrintWriter;)V" line-rate="1.0" branch-rate="1.0" complexity="0">
							<lines>
								<line number="134" hits="800" branch="false"/>
								<line number="135" hits="800" branch="false"/>
								<line number="136" hits="800" branch="false"/>
								<line number="137" hits="800" branch="false"/>
							</lines>
						</method>
						<method name="toString" signature="()Ljava/lang/String;" line-rate="1.0" branch-rate="1.0" complexity="0">
							<lines>
								<line number="175" hits="146080" branch="false"/>
								<line number="176" hits="146080" branch="false"/>
								<line number="177" hits="146080" branch="false"/>
								<line number="178" hits="146080" branch="false"/>
								<line number="179" hits="146080" branch="false"/>
								<line number="180" hits="146080" branch="false"/>
								<line number="181" hits="146080" branch="false"/>
								<line number="182" hits="146080" branch="false"/>
								<line number="186" hits="146080" branch="true" condition-coverage="100% (2/2)">
									<conditions>
										<condition number="0" type="jump" coverage="100%"/>
									</conditions>
								</line>
								<line number="188" hits="140032" branch="false"/>
								<line number="191" hits="6048" branch="false"/>
								<line number="192" hits="146080" branch="true" condition-coverage="100% (2/2)">
									<conditions>
										<condition number="0" type="jump" coverage="100%"/>
									</conditions>
								</line>
								<line number="193" hits="6712" branch="false"/>
								<line number="195" hits="139368" branch="false"/>
								<line number="197" hits="146080" branch="false"/>
							</lines>
						</method>
					</methods>
					<lines>
						<line number="49" hits="4400" branch="false"/>
						<line number="50" hits="4400" branch="false"/>
						<line number="51" hits="4400" branch="false"/>
						<line number="52" hits="4400" branch="false"/>
						<line number="54" hits="4400" branch="false"/>
						<line number="55" hits="4400" branch="false"/>
						<line number="57" hits="4400" branch="false"/>
						<line number="58" hits="4400" branch="false"/>
						<line number="60" hits="4400" branch="false"/>
						<line number="69" hits="396" branch="false"/>
						<line number="70" hits="396" branch="false"/>
						<line number="78" hits="184" branch="false"/>
						<line number="79" hits="184" branch="false"/>
						<line number="88" hits="360" branch="false"/>
						<line number="98" hits="5600" branch="false"/>
						<line number="107" hits="10660" branch="false"/>
						<line number="116" hits="360" branch="false"/>
						<line number="125" hits="4400" branch="false"/>
						<line number="134" hits="800" branch="false"/>
						<line number="135" hits="800" branch="false"/>
						<line number="136" hits="800" branch="false"/>
						<line number="137" hits="800" branch="false"/>
						<line number="145" hits="360" branch="false"/>
						<line number="153" hits="146588" branch="true" condition-coverage="100% (2/2)">
							<conditions>
								<condition number="0" type="jump" coverage="100%"/>
							</conditions>
						</line>
						<line number="163" hits="146720" branch="true" condition-coverage="100% (2/2)">
							<conditions>
								<condition number="0" type="jump" coverage="100%"/>
							</conditions>
						</line>
						<line number="169" hits="5600" branch="false"/>
						<line number="175" hits="146080" branch="false"/>
						<line number="176" hits="146080" branch="false"/>
						<line number="177" hits="146080" branch="false"/>
						<line number="178" hits="146080" branch="false"/>
						<line number="179" hits="146080" branch="false"/>
						<line number="180" hits="146080" branch="false"/>
						<line number="181" hits="146080" branch="false"/>
						<line number="182" hits="146080" branch="false"/>
						<line number="186" hits="146080" branch="true" condition-coverage="100% (2/2)">
							<conditions>
								<condition number="0" type="jump" coverage="100%"/>
							</conditions>
						</line>
						<line number="188" hits="140032" branch="false"/>
						<line number="191" hits="6048" branch="false"/>
						<line number="192" hits="146080" branch="true" condition-coverage="100% (2/2)">
							<conditions>
								<condition number="0" type="jump" coverage="100%"/>
							</conditions>
						</line>
						<line number="193" hits="6712" branch="false"/>
						<line number="195" hits="139368" branch="false"/>
						<line number="197" hits="146080" branch="false"/>
						<line number="205" hits="730400" branch="false"/>
						<line number="206" hits="730400" branch="false"/>
						<line number="207" hits="1899040" branch="true" condition-coverage="100% (2/2)">
							<conditions>
								<condition number="0" type="jump" coverage="100%"/>
							</conditions>
						</line>
						<line number="208" hits="1168640" branch="false"/>
						<line number="209" hits="730400" branch="false"/>
						<line number="218" hits="432" branch="false"/>
					</lines>
				</class>
			</classes>
		</package>
	</packages>
</coverage>
